1:C 11 Aug 2022 12:20:46.856 # oO0OoO0OoO0Oo Redis is starting oO0OoO0OoO0Oo
1:C 11 Aug 2022 12:20:46.858 # Redis version=7.0.4, bits=64, commit=00000000, modified=0, pid=1, just started
1:C 11 Aug 2022 12:20:46.860 # Configuration loaded
1:S 11 Aug 2022 12:20:46.862 * monotonic clock: POSIX clock_gettime
                _._                                                  
           _.-``__ ''-._                                             
      _.-``    `.  `_.  ''-._           Redis 7.0.4 (00000000/0) 64 bit
  .-`` .-```.  ```\/    _.,_ ''-._                                  
 (    '      ,       .-`  | `,    )     Running in standalone mode
 |`-._`-...-` __...-.``-._|'` _.-'|     Port: 6379
 |    `-._   `._    /     _.-'    |     PID: 1
  `-._    `-._  `-./  _.-'    _.-'                                   
 |`-._`-._    `-.__.-'    _.-'_.-'|                                  
 |    `-._`-._        _.-'_.-'    |           https://redis.io       
  `-._    `-._`-.__.-'_.-'    _.-'                                   
 |`-._`-._    `-.__.-'    _.-'_.-'|                                  
 |    `-._`-._        _.-'_.-'    |                                  
  `-._    `-._`-.__.-'_.-'    _.-'                                   
      `-._    `-.__.-'    _.-'                                       
          `-._        _.-'                                           
              `-.__.-'                                               

1:S 11 Aug 2022 12:20:46.868 # Server initialized
1:S 11 Aug 2022 12:20:46.871 . The AOF directory appendonlydir doesn't exist
1:S 11 Aug 2022 12:20:46.883 * Creating AOF base file appendonly.aof.1.base.aof on server start
1:S 11 Aug 2022 12:20:46.897 * Creating AOF incr file appendonly.aof.1.incr.aof on server start
1:S 11 Aug 2022 12:20:46.900 * Ready to accept connections
1:S 11 Aug 2022 12:20:46.902 . 0 clients connected (0 replicas), 4517072 bytes in use
1:S 11 Aug 2022 12:20:46.905 * Connecting to MASTER redis-master-sentinel:6379
1:S 11 Aug 2022 12:20:46.909 * MASTER <-> REPLICA sync started
1:S 11 Aug 2022 12:20:46.911 * Non blocking connect for SYNC fired the event.
1:S 11 Aug 2022 12:20:46.915 * Master replied to PING, replication can continue...
1:S 11 Aug 2022 12:20:46.918 * Partial resynchronization not possible (no cached master)
1:S 11 Aug 2022 12:20:51.696 * Full resync from master: bb2b2418be6fdd382e873470e5e50d2aec8b469e:0
1:S 11 Aug 2022 12:20:51.701 * MASTER <-> REPLICA sync: receiving streamed RDB from master with EOF to disk
1:S 11 Aug 2022 12:20:51.706 * MASTER <-> REPLICA sync: Flushing old data
1:S 11 Aug 2022 12:20:51.707 * MASTER <-> REPLICA sync: Loading DB in memory
1:S 11 Aug 2022 12:20:51.715 # Failed trying to load the MASTER synchronization DB from disk: No such file or directory
1:S 11 Aug 2022 12:20:51.719 * Reconnecting to MASTER redis-master-sentinel:6379 after failure
1:S 11 Aug 2022 12:20:51.722 * MASTER <-> REPLICA sync started
1:S 11 Aug 2022 12:20:51.725 * Non blocking connect for SYNC fired the event.
1:S 11 Aug 2022 12:20:51.733 * Master replied to PING, replication can continue...
1:S 11 Aug 2022 12:20:51.736 * Partial resynchronization not possible (no cached master)
1:S 11 Aug 2022 12:20:51.941 . 0 clients connected (0 replicas), 4517136 bytes in use
1:S 11 Aug 2022 12:20:56.733 * Full resync from master: bb2b2418be6fdd382e873470e5e50d2aec8b469e:14
1:S 11 Aug 2022 12:20:56.738 * MASTER <-> REPLICA sync: receiving streamed RDB from master with EOF to disk
1:S 11 Aug 2022 12:20:56.740 * MASTER <-> REPLICA sync: Flushing old data
1:S 11 Aug 2022 12:20:56.742 * MASTER <-> REPLICA sync: Loading DB in memory
1:S 11 Aug 2022 12:20:56.787 # Failed trying to load the MASTER synchronization DB from disk: No such file or directory
1:S 11 Aug 2022 12:20:56.790 * Reconnecting to MASTER redis-master-sentinel:6379 after failure
1:S 11 Aug 2022 12:20:56.793 * MASTER <-> REPLICA sync started
1:S 11 Aug 2022 12:20:56.795 * Non blocking connect for SYNC fired the event.
1:S 11 Aug 2022 12:20:56.801 * Master replied to PING, replication can continue...
1:S 11 Aug 2022 12:20:56.803 * Partial resynchronization not possible (no cached master)
1:S 11 Aug 2022 12:20:56.998 . 0 clients connected (0 replicas), 4517136 bytes in use
1:S 11 Aug 2022 12:21:01.775 * Full resync from master: bb2b2418be6fdd382e873470e5e50d2aec8b469e:14
1:S 11 Aug 2022 12:21:01.780 * MASTER <-> REPLICA sync: receiving streamed RDB from master with EOF to disk
1:S 11 Aug 2022 12:21:01.783 * MASTER <-> REPLICA sync: Flushing old data
1:S 11 Aug 2022 12:21:01.785 * MASTER <-> REPLICA sync: Loading DB in memory
1:S 11 Aug 2022 12:21:01.832 # Failed trying to load the MASTER synchronization DB from disk: No such file or directory
1:S 11 Aug 2022 12:21:01.836 * Reconnecting to MASTER redis-master-sentinel:6379 after failure
1:S 11 Aug 2022 12:21:01.839 * MASTER <-> REPLICA sync started
1:S 11 Aug 2022 12:21:01.842 * Non blocking connect for SYNC fired the event.
1:S 11 Aug 2022 12:21:01.850 * Master replied to PING, replication can continue...
1:S 11 Aug 2022 12:21:01.852 * Partial resynchronization not possible (no cached master)
1:S 11 Aug 2022 12:21:02.044 . 0 clients connected (0 replicas), 4517136 bytes in use
1:S 11 Aug 2022 12:21:06.814 * Full resync from master: bb2b2418be6fdd382e873470e5e50d2aec8b469e:28
1:S 11 Aug 2022 12:21:06.819 * MASTER <-> REPLICA sync: receiving streamed RDB from master with EOF to disk
1:S 11 Aug 2022 12:21:06.823 * MASTER <-> REPLICA sync: Flushing old data
1:S 11 Aug 2022 12:21:06.826 * MASTER <-> REPLICA sync: Loading DB in memory
1:S 11 Aug 2022 12:21:06.874 # Failed trying to load the MASTER synchronization DB from disk: No such file or directory
1:S 11 Aug 2022 12:21:06.878 * Reconnecting to MASTER redis-master-sentinel:6379 after failure
1:S 11 Aug 2022 12:21:06.880 * MASTER <-> REPLICA sync started
1:S 11 Aug 2022 12:21:06.883 * Non blocking connect for SYNC fired the event.
1:S 11 Aug 2022 12:21:06.889 * Master replied to PING, replication can continue...
1:S 11 Aug 2022 12:21:06.892 * Partial resynchronization not possible (no cached master)
1:S 11 Aug 2022 12:21:07.084 . 0 clients connected (0 replicas), 4517136 bytes in use
1:S 11 Aug 2022 12:21:11.854 * Full resync from master: bb2b2418be6fdd382e873470e5e50d2aec8b469e:28
1:S 11 Aug 2022 12:21:11.859 * MASTER <-> REPLICA sync: receiving streamed RDB from master with EOF to disk
1:S 11 Aug 2022 12:21:11.863 * MASTER <-> REPLICA sync: Flushing old data
1:S 11 Aug 2022 12:21:11.865 * MASTER <-> REPLICA sync: Loading DB in memory
1:S 11 Aug 2022 12:21:11.912 # Failed trying to load the MASTER synchronization DB from disk: No such file or directory
1:S 11 Aug 2022 12:21:11.915 * Reconnecting to MASTER redis-master-sentinel:6379 after failure
1:S 11 Aug 2022 12:21:11.919 * MASTER <-> REPLICA sync started
1:S 11 Aug 2022 12:21:11.921 * Non blocking connect for SYNC fired the event.
1:S 11 Aug 2022 12:21:11.929 * Master replied to PING, replication can continue...
1:S 11 Aug 2022 12:21:11.932 * Partial resynchronization not possible (no cached master)
1:S 11 Aug 2022 12:21:12.123 . 0 clients connected (0 replicas), 4517136 bytes in use
1:S 11 Aug 2022 12:21:16.895 * Full resync from master: bb2b2418be6fdd382e873470e5e50d2aec8b469e:42
1:S 11 Aug 2022 12:21:16.901 * MASTER <-> REPLICA sync: receiving streamed RDB from master with EOF to disk
1:S 11 Aug 2022 12:21:16.904 * MASTER <-> REPLICA sync: Flushing old data
1:S 11 Aug 2022 12:21:16.906 * MASTER <-> REPLICA sync: Loading DB in memory
1:S 11 Aug 2022 12:21:16.954 # Failed trying to load the MASTER synchronization DB from disk: No such file or directory
1:S 11 Aug 2022 12:21:16.958 * Reconnecting to MASTER redis-master-sentinel:6379 after failure
1:S 11 Aug 2022 12:21:16.960 * MASTER <-> REPLICA sync started
1:S 11 Aug 2022 12:21:16.963 * Non blocking connect for SYNC fired the event.
1:S 11 Aug 2022 12:21:16.971 * Master replied to PING, replication can continue...
1:S 11 Aug 2022 12:21:16.973 * Partial resynchronization not possible (no cached master)
1:S 11 Aug 2022 12:21:17.165 . 0 clients connected (0 replicas), 4517136 bytes in use
1:S 11 Aug 2022 12:21:21.929 * Full resync from master: bb2b2418be6fdd382e873470e5e50d2aec8b469e:42
1:S 11 Aug 2022 12:21:21.935 * MASTER <-> REPLICA sync: receiving streamed RDB from master with EOF to disk
1:S 11 Aug 2022 12:21:21.939 * MASTER <-> REPLICA sync: Flushing old data
1:S 11 Aug 2022 12:21:21.942 * MASTER <-> REPLICA sync: Loading DB in memory
1:S 11 Aug 2022 12:21:21.951 # Failed trying to load the MASTER synchronization DB from disk: No such file or directory
1:S 11 Aug 2022 12:21:21.955 * Reconnecting to MASTER redis-master-sentinel:6379 after failure
1:S 11 Aug 2022 12:21:21.959 * MASTER <-> REPLICA sync started
1:S 11 Aug 2022 12:21:21.961 * Non blocking connect for SYNC fired the event.
1:S 11 Aug 2022 12:21:21.967 * Master replied to PING, replication can continue...
1:S 11 Aug 2022 12:21:21.970 * Partial resynchronization not possible (no cached master)
1:S 11 Aug 2022 12:21:22.193 . 0 clients connected (0 replicas), 4517136 bytes in use
1:S 11 Aug 2022 12:21:26.961 * Full resync from master: bb2b2418be6fdd382e873470e5e50d2aec8b469e:56
1:S 11 Aug 2022 12:21:26.965 * MASTER <-> REPLICA sync: receiving streamed RDB from master with EOF to disk
1:S 11 Aug 2022 12:21:26.967 * MASTER <-> REPLICA sync: Flushing old data
1:S 11 Aug 2022 12:21:26.969 * MASTER <-> REPLICA sync: Loading DB in memory
1:S 11 Aug 2022 12:21:27.014 # Failed trying to load the MASTER synchronization DB from disk: No such file or directory
1:S 11 Aug 2022 12:21:27.017 * Reconnecting to MASTER redis-master-sentinel:6379 after failure
1:S 11 Aug 2022 12:21:27.020 * MASTER <-> REPLICA sync started
1:S 11 Aug 2022 12:21:27.022 * Non blocking connect for SYNC fired the event.
1:S 11 Aug 2022 12:21:27.028 * Master replied to PING, replication can continue...
1:S 11 Aug 2022 12:21:27.030 * Partial resynchronization not possible (no cached master)
1:S 11 Aug 2022 12:21:27.224 . 0 clients connected (0 replicas), 4517136 bytes in use
1:S 11 Aug 2022 12:21:32.250 . 0 clients connected (0 replicas), 4517136 bytes in use
1:S 11 Aug 2022 12:21:33.003 * Full resync from master: bb2b2418be6fdd382e873470e5e50d2aec8b469e:56
1:S 11 Aug 2022 12:21:33.006 * MASTER <-> REPLICA sync: receiving streamed RDB from master with EOF to disk
1:S 11 Aug 2022 12:21:33.009 * MASTER <-> REPLICA sync: Flushing old data
1:S 11 Aug 2022 12:21:33.011 * MASTER <-> REPLICA sync: Loading DB in memory
1:S 11 Aug 2022 12:21:33.057 # Failed trying to load the MASTER synchronization DB from disk: No such file or directory
1:S 11 Aug 2022 12:21:33.060 * Reconnecting to MASTER redis-master-sentinel:6379 after failure
1:S 11 Aug 2022 12:21:33.062 * MASTER <-> REPLICA sync started
1:S 11 Aug 2022 12:21:33.064 * Non blocking connect for SYNC fired the event.
1:S 11 Aug 2022 12:21:33.071 * Master replied to PING, replication can continue...
1:S 11 Aug 2022 12:21:33.072 * Partial resynchronization not possible (no cached master)
1:S 11 Aug 2022 12:21:37.291 . 0 clients connected (0 replicas), 4517136 bytes in use
1:S 11 Aug 2022 12:21:38.034 * Full resync from master: bb2b2418be6fdd382e873470e5e50d2aec8b469e:70
1:S 11 Aug 2022 12:21:38.039 * MASTER <-> REPLICA sync: receiving streamed RDB from master with EOF to disk
1:S 11 Aug 2022 12:21:38.043 * MASTER <-> REPLICA sync: Flushing old data
1:S 11 Aug 2022 12:21:38.045 * MASTER <-> REPLICA sync: Loading DB in memory
1:S 11 Aug 2022 12:21:38.055 # Failed trying to load the MASTER synchronization DB from disk: No such file or directory
1:S 11 Aug 2022 12:21:38.059 * Reconnecting to MASTER redis-master-sentinel:6379 after failure
1:S 11 Aug 2022 12:21:38.062 * MASTER <-> REPLICA sync started
1:S 11 Aug 2022 12:21:38.065 * Non blocking connect for SYNC fired the event.
1:S 11 Aug 2022 12:21:38.074 * Master replied to PING, replication can continue...
1:S 11 Aug 2022 12:21:38.077 * Partial resynchronization not possible (no cached master)
1:S 11 Aug 2022 12:21:42.318 . 0 clients connected (0 replicas), 4517136 bytes in use
1:S 11 Aug 2022 12:21:43.068 * Full resync from master: bb2b2418be6fdd382e873470e5e50d2aec8b469e:70
1:S 11 Aug 2022 12:21:43.072 * MASTER <-> REPLICA sync: receiving streamed RDB from master with EOF to disk
1:S 11 Aug 2022 12:21:43.075 * MASTER <-> REPLICA sync: Flushing old data
1:S 11 Aug 2022 12:21:43.077 * MASTER <-> REPLICA sync: Loading DB in memory
1:S 11 Aug 2022 12:21:43.123 # Failed trying to load the MASTER synchronization DB from disk: No such file or directory
1:S 11 Aug 2022 12:21:43.126 * Reconnecting to MASTER redis-master-sentinel:6379 after failure
1:S 11 Aug 2022 12:21:43.130 * MASTER <-> REPLICA sync started
1:S 11 Aug 2022 12:21:43.133 * Non blocking connect for SYNC fired the event.
1:S 11 Aug 2022 12:21:43.140 * Master replied to PING, replication can continue...
1:S 11 Aug 2022 12:21:43.142 * Partial resynchronization not possible (no cached master)
1:S 11 Aug 2022 12:21:47.358 . 0 clients connected (0 replicas), 4517136 bytes in use
1:S 11 Aug 2022 12:21:48.105 * Full resync from master: bb2b2418be6fdd382e873470e5e50d2aec8b469e:84
1:S 11 Aug 2022 12:21:48.110 * MASTER <-> REPLICA sync: receiving streamed RDB from master with EOF to disk
1:S 11 Aug 2022 12:21:48.113 * MASTER <-> REPLICA sync: Flushing old data
1:S 11 Aug 2022 12:21:48.116 * MASTER <-> REPLICA sync: Loading DB in memory
1:S 11 Aug 2022 12:21:48.161 # Failed trying to load the MASTER synchronization DB from disk: No such file or directory
1:S 11 Aug 2022 12:21:48.164 * Reconnecting to MASTER redis-master-sentinel:6379 after failure
1:S 11 Aug 2022 12:21:48.167 * MASTER <-> REPLICA sync started
1:S 11 Aug 2022 12:21:48.170 * Non blocking connect for SYNC fired the event.
1:S 11 Aug 2022 12:21:48.176 * Master replied to PING, replication can continue...
1:S 11 Aug 2022 12:21:48.178 * Partial resynchronization not possible (no cached master)
1:S 11 Aug 2022 12:21:52.390 . 0 clients connected (0 replicas), 4517136 bytes in use
1:S 11 Aug 2022 12:21:53.134 * Full resync from master: bb2b2418be6fdd382e873470e5e50d2aec8b469e:84
1:S 11 Aug 2022 12:21:53.137 * MASTER <-> REPLICA sync: receiving streamed RDB from master with EOF to disk
1:S 11 Aug 2022 12:21:53.140 * MASTER <-> REPLICA sync: Flushing old data
1:S 11 Aug 2022 12:21:53.141 * MASTER <-> REPLICA sync: Loading DB in memory
1:S 11 Aug 2022 12:21:53.187 # Failed trying to load the MASTER synchronization DB from disk: No such file or directory
1:S 11 Aug 2022 12:21:53.190 * Reconnecting to MASTER redis-master-sentinel:6379 after failure
1:S 11 Aug 2022 12:21:53.193 * MASTER <-> REPLICA sync started
1:S 11 Aug 2022 12:21:53.195 * Non blocking connect for SYNC fired the event.
1:S 11 Aug 2022 12:21:53.203 * Master replied to PING, replication can continue...
1:S 11 Aug 2022 12:21:53.206 * Partial resynchronization not possible (no cached master)
1:S 11 Aug 2022 12:21:57.415 . 0 clients connected (0 replicas), 4517136 bytes in use
1:S 11 Aug 2022 12:21:58.163 * Full resync from master: bb2b2418be6fdd382e873470e5e50d2aec8b469e:98
1:S 11 Aug 2022 12:21:58.166 * MASTER <-> REPLICA sync: receiving streamed RDB from master with EOF to disk
1:S 11 Aug 2022 12:21:58.169 * MASTER <-> REPLICA sync: Flushing old data
1:S 11 Aug 2022 12:21:58.172 * MASTER <-> REPLICA sync: Loading DB in memory
1:S 11 Aug 2022 12:21:58.182 # Failed trying to load the MASTER synchronization DB from disk: No such file or directory
1:S 11 Aug 2022 12:21:58.185 * Reconnecting to MASTER redis-master-sentinel:6379 after failure
1:S 11 Aug 2022 12:21:58.188 * MASTER <-> REPLICA sync started
1:S 11 Aug 2022 12:21:58.190 * Non blocking connect for SYNC fired the event.
1:S 11 Aug 2022 12:21:58.196 * Master replied to PING, replication can continue...
1:S 11 Aug 2022 12:21:58.198 * Partial resynchronization not possible (no cached master)
1:S 11 Aug 2022 12:22:02.437 . 0 clients connected (0 replicas), 4517136 bytes in use
1:S 11 Aug 2022 12:22:03.194 * Full resync from master: bb2b2418be6fdd382e873470e5e50d2aec8b469e:98
1:S 11 Aug 2022 12:22:03.199 * MASTER <-> REPLICA sync: receiving streamed RDB from master with EOF to disk
1:S 11 Aug 2022 12:22:03.201 * MASTER <-> REPLICA sync: Flushing old data
1:S 11 Aug 2022 12:22:03.203 * MASTER <-> REPLICA sync: Loading DB in memory
1:S 11 Aug 2022 12:22:03.249 # Failed trying to load the MASTER synchronization DB from disk: No such file or directory
1:S 11 Aug 2022 12:22:03.253 * Reconnecting to MASTER redis-master-sentinel:6379 after failure
1:S 11 Aug 2022 12:22:03.256 * MASTER <-> REPLICA sync started
1:S 11 Aug 2022 12:22:03.258 * Non blocking connect for SYNC fired the event.
1:S 11 Aug 2022 12:22:03.273 * Master replied to PING, replication can continue...
1:S 11 Aug 2022 12:22:03.275 * Partial resynchronization not possible (no cached master)
1:S 11 Aug 2022 12:22:07.476 . 0 clients connected (0 replicas), 4517136 bytes in use
1:S 11 Aug 2022 12:22:08.229 * Full resync from master: bb2b2418be6fdd382e873470e5e50d2aec8b469e:112
1:S 11 Aug 2022 12:22:08.233 * MASTER <-> REPLICA sync: receiving streamed RDB from master with EOF to disk
1:S 11 Aug 2022 12:22:08.236 * MASTER <-> REPLICA sync: Flushing old data
1:S 11 Aug 2022 12:22:08.237 * MASTER <-> REPLICA sync: Loading DB in memory
1:S 11 Aug 2022 12:22:08.283 # Failed trying to load the MASTER synchronization DB from disk: No such file or directory
1:S 11 Aug 2022 12:22:08.286 * Reconnecting to MASTER redis-master-sentinel:6379 after failure
1:S 11 Aug 2022 12:22:08.291 * MASTER <-> REPLICA sync started
1:S 11 Aug 2022 12:22:08.295 * Non blocking connect for SYNC fired the event.
1:S 11 Aug 2022 12:22:08.299 * Master replied to PING, replication can continue...
1:S 11 Aug 2022 12:22:08.301 * Partial resynchronization not possible (no cached master)
1:S 11 Aug 2022 12:22:12.516 . 0 clients connected (0 replicas), 4517136 bytes in use
1:S 11 Aug 2022 12:22:13.261 * Full resync from master: bb2b2418be6fdd382e873470e5e50d2aec8b469e:112
1:S 11 Aug 2022 12:22:13.266 * MASTER <-> REPLICA sync: receiving streamed RDB from master with EOF to disk
1:S 11 Aug 2022 12:22:13.269 * MASTER <-> REPLICA sync: Flushing old data
1:S 11 Aug 2022 12:22:13.271 * MASTER <-> REPLICA sync: Loading DB in memory
1:S 11 Aug 2022 12:22:13.313 # Failed trying to load the MASTER synchronization DB from disk: No such file or directory
1:S 11 Aug 2022 12:22:13.316 * Reconnecting to MASTER redis-master-sentinel:6379 after failure
1:S 11 Aug 2022 12:22:13.318 * MASTER <-> REPLICA sync started
1:S 11 Aug 2022 12:22:13.321 * Non blocking connect for SYNC fired the event.
1:S 11 Aug 2022 12:22:13.327 * Master replied to PING, replication can continue...
1:S 11 Aug 2022 12:22:13.330 * Partial resynchronization not possible (no cached master)
1:S 11 Aug 2022 12:22:17.550 . 0 clients connected (0 replicas), 4517136 bytes in use
1:S 11 Aug 2022 12:22:18.295 * Full resync from master: bb2b2418be6fdd382e873470e5e50d2aec8b469e:126
1:S 11 Aug 2022 12:22:18.300 * MASTER <-> REPLICA sync: receiving streamed RDB from master with EOF to disk
1:S 11 Aug 2022 12:22:18.304 * MASTER <-> REPLICA sync: Flushing old data
1:S 11 Aug 2022 12:22:18.306 * MASTER <-> REPLICA sync: Loading DB in memory
1:S 11 Aug 2022 12:22:18.355 # Failed trying to load the MASTER synchronization DB from disk: No such file or directory
1:S 11 Aug 2022 12:22:18.359 * Reconnecting to MASTER redis-master-sentinel:6379 after failure
1:S 11 Aug 2022 12:22:18.362 * MASTER <-> REPLICA sync started
1:S 11 Aug 2022 12:22:18.365 * Non blocking connect for SYNC fired the event.
1:S 11 Aug 2022 12:22:18.370 * Master replied to PING, replication can continue...
1:S 11 Aug 2022 12:22:18.373 * Partial resynchronization not possible (no cached master)
1:S 11 Aug 2022 12:22:22.587 . 0 clients connected (0 replicas), 4517136 bytes in use
1:S 11 Aug 2022 12:22:23.335 * Full resync from master: bb2b2418be6fdd382e873470e5e50d2aec8b469e:126
1:S 11 Aug 2022 12:22:23.342 * MASTER <-> REPLICA sync: receiving streamed RDB from master with EOF to disk
1:S 11 Aug 2022 12:22:23.348 * MASTER <-> REPLICA sync: Flushing old data
1:S 11 Aug 2022 12:22:23.351 * MASTER <-> REPLICA sync: Loading DB in memory
1:S 11 Aug 2022 12:22:23.359 # Failed trying to load the MASTER synchronization DB from disk: No such file or directory
1:S 11 Aug 2022 12:22:23.362 * Reconnecting to MASTER redis-master-sentinel:6379 after failure
1:S 11 Aug 2022 12:22:23.366 * MASTER <-> REPLICA sync started
1:S 11 Aug 2022 12:22:23.368 * Non blocking connect for SYNC fired the event.
1:S 11 Aug 2022 12:22:23.374 * Master replied to PING, replication can continue...
1:S 11 Aug 2022 12:22:23.377 * Partial resynchronization not possible (no cached master)
1:S 11 Aug 2022 12:22:27.618 . 0 clients connected (0 replicas), 4517136 bytes in use
1:S 11 Aug 2022 12:22:28.377 * Full resync from master: bb2b2418be6fdd382e873470e5e50d2aec8b469e:140
1:S 11 Aug 2022 12:22:28.385 * MASTER <-> REPLICA sync: receiving streamed RDB from master with EOF to disk
1:S 11 Aug 2022 12:22:28.387 * MASTER <-> REPLICA sync: Flushing old data
1:S 11 Aug 2022 12:22:28.390 * MASTER <-> REPLICA sync: Loading DB in memory
1:S 11 Aug 2022 12:22:28.398 # Failed trying to load the MASTER synchronization DB from disk: No such file or directory
1:S 11 Aug 2022 12:22:28.402 * Reconnecting to MASTER redis-master-sentinel:6379 after failure
1:S 11 Aug 2022 12:22:28.405 * MASTER <-> REPLICA sync started
1:S 11 Aug 2022 12:22:28.408 * Non blocking connect for SYNC fired the event.
1:S 11 Aug 2022 12:22:28.415 * Master replied to PING, replication can continue...
1:S 11 Aug 2022 12:22:28.418 * Partial resynchronization not possible (no cached master)
1:S 11 Aug 2022 12:22:32.648 . 0 clients connected (0 replicas), 4517136 bytes in use
1:S 11 Aug 2022 12:22:33.419 * Full resync from master: bb2b2418be6fdd382e873470e5e50d2aec8b469e:140
1:S 11 Aug 2022 12:22:33.423 * MASTER <-> REPLICA sync: receiving streamed RDB from master with EOF to disk
1:S 11 Aug 2022 12:22:33.427 * MASTER <-> REPLICA sync: Flushing old data
1:S 11 Aug 2022 12:22:33.429 * MASTER <-> REPLICA sync: Loading DB in memory
1:S 11 Aug 2022 12:22:33.438 # Failed trying to load the MASTER synchronization DB from disk: No such file or directory
1:S 11 Aug 2022 12:22:33.442 * Reconnecting to MASTER redis-master-sentinel:6379 after failure
1:S 11 Aug 2022 12:22:33.446 * MASTER <-> REPLICA sync started
1:S 11 Aug 2022 12:22:33.449 * Non blocking connect for SYNC fired the event.
1:S 11 Aug 2022 12:22:33.457 * Master replied to PING, replication can continue...
1:S 11 Aug 2022 12:22:33.459 * Partial resynchronization not possible (no cached master)
1:S 11 Aug 2022 12:22:37.680 . 0 clients connected (0 replicas), 4517136 bytes in use
1:S 11 Aug 2022 12:22:38.466 * Full resync from master: bb2b2418be6fdd382e873470e5e50d2aec8b469e:154
1:S 11 Aug 2022 12:22:38.473 * MASTER <-> REPLICA sync: receiving streamed RDB from master with EOF to disk
1:S 11 Aug 2022 12:22:38.476 * MASTER <-> REPLICA sync: Flushing old data
1:S 11 Aug 2022 12:22:38.479 * MASTER <-> REPLICA sync: Loading DB in memory
1:S 11 Aug 2022 12:22:38.525 # Failed trying to load the MASTER synchronization DB from disk: No such file or directory
1:S 11 Aug 2022 12:22:38.529 * Reconnecting to MASTER redis-master-sentinel:6379 after failure
1:S 11 Aug 2022 12:22:38.533 * MASTER <-> REPLICA sync started
1:S 11 Aug 2022 12:22:38.537 * Non blocking connect for SYNC fired the event.
1:S 11 Aug 2022 12:22:38.544 * Master replied to PING, replication can continue...
1:S 11 Aug 2022 12:22:38.547 * Partial resynchronization not possible (no cached master)
1:S 11 Aug 2022 12:22:42.764 . 0 clients connected (0 replicas), 4517136 bytes in use
1:S 11 Aug 2022 12:22:43.503 * Full resync from master: bb2b2418be6fdd382e873470e5e50d2aec8b469e:154
1:S 11 Aug 2022 12:22:43.507 * MASTER <-> REPLICA sync: receiving streamed RDB from master with EOF to disk
1:S 11 Aug 2022 12:22:43.510 * MASTER <-> REPLICA sync: Flushing old data
1:S 11 Aug 2022 12:22:43.512 * MASTER <-> REPLICA sync: Loading DB in memory
1:S 11 Aug 2022 12:22:43.521 # Failed trying to load the MASTER synchronization DB from disk: No such file or directory
1:S 11 Aug 2022 12:22:43.524 * Reconnecting to MASTER redis-master-sentinel:6379 after failure
1:S 11 Aug 2022 12:22:43.528 * MASTER <-> REPLICA sync started
1:S 11 Aug 2022 12:22:43.530 * Non blocking connect for SYNC fired the event.
1:S 11 Aug 2022 12:22:43.536 * Master replied to PING, replication can continue...
1:S 11 Aug 2022 12:22:43.538 * Partial resynchronization not possible (no cached master)
1:S 11 Aug 2022 12:22:47.796 . 0 clients connected (0 replicas), 4517136 bytes in use
1:S 11 Aug 2022 12:22:48.544 * Full resync from master: bb2b2418be6fdd382e873470e5e50d2aec8b469e:168
1:S 11 Aug 2022 12:22:48.549 * MASTER <-> REPLICA sync: receiving streamed RDB from master with EOF to disk
1:S 11 Aug 2022 12:22:48.552 * MASTER <-> REPLICA sync: Flushing old data
1:S 11 Aug 2022 12:22:48.555 * MASTER <-> REPLICA sync: Loading DB in memory
1:S 11 Aug 2022 12:22:48.601 # Failed trying to load the MASTER synchronization DB from disk: No such file or directory
1:S 11 Aug 2022 12:22:48.605 * Reconnecting to MASTER redis-master-sentinel:6379 after failure
1:S 11 Aug 2022 12:22:48.608 * MASTER <-> REPLICA sync started
1:S 11 Aug 2022 12:22:48.610 * Non blocking connect for SYNC fired the event.
1:S 11 Aug 2022 12:22:48.617 * Master replied to PING, replication can continue...
1:S 11 Aug 2022 12:22:48.620 * Partial resynchronization not possible (no cached master)
1:S 11 Aug 2022 12:22:52.834 . 0 clients connected (0 replicas), 4517136 bytes in use
1:S 11 Aug 2022 12:22:53.582 * Full resync from master: bb2b2418be6fdd382e873470e5e50d2aec8b469e:168
1:S 11 Aug 2022 12:22:53.587 * MASTER <-> REPLICA sync: receiving streamed RDB from master with EOF to disk
1:S 11 Aug 2022 12:22:53.590 * MASTER <-> REPLICA sync: Flushing old data
1:S 11 Aug 2022 12:22:53.591 * MASTER <-> REPLICA sync: Loading DB in memory
1:S 11 Aug 2022 12:22:53.602 # Failed trying to load the MASTER synchronization DB from disk: No such file or directory
1:S 11 Aug 2022 12:22:53.605 * Reconnecting to MASTER redis-master-sentinel:6379 after failure
1:S 11 Aug 2022 12:22:53.608 * MASTER <-> REPLICA sync started
1:S 11 Aug 2022 12:22:53.611 * Non blocking connect for SYNC fired the event.
1:S 11 Aug 2022 12:22:53.618 * Master replied to PING, replication can continue...
1:S 11 Aug 2022 12:22:53.620 * Partial resynchronization not possible (no cached master)
1:S 11 Aug 2022 12:22:57.865 . 0 clients connected (0 replicas), 4517136 bytes in use
1:S 11 Aug 2022 12:22:58.627 * Full resync from master: bb2b2418be6fdd382e873470e5e50d2aec8b469e:182
1:S 11 Aug 2022 12:22:58.631 * MASTER <-> REPLICA sync: receiving streamed RDB from master with EOF to disk
1:S 11 Aug 2022 12:22:58.634 * MASTER <-> REPLICA sync: Flushing old data
1:S 11 Aug 2022 12:22:58.636 * MASTER <-> REPLICA sync: Loading DB in memory
1:S 11 Aug 2022 12:22:58.684 # Failed trying to load the MASTER synchronization DB from disk: No such file or directory
1:S 11 Aug 2022 12:22:58.688 * Reconnecting to MASTER redis-master-sentinel:6379 after failure
1:S 11 Aug 2022 12:22:58.691 * MASTER <-> REPLICA sync started
1:S 11 Aug 2022 12:22:58.693 * Non blocking connect for SYNC fired the event.
1:S 11 Aug 2022 12:22:58.702 * Master replied to PING, replication can continue...
1:S 11 Aug 2022 12:22:58.704 * Partial resynchronization not possible (no cached master)
1:S 11 Aug 2022 12:23:02.916 . 0 clients connected (0 replicas), 4517136 bytes in use
1:S 11 Aug 2022 12:23:03.668 * Full resync from master: bb2b2418be6fdd382e873470e5e50d2aec8b469e:182
1:S 11 Aug 2022 12:23:03.672 * MASTER <-> REPLICA sync: receiving streamed RDB from master with EOF to disk
1:S 11 Aug 2022 12:23:03.675 * MASTER <-> REPLICA sync: Flushing old data
1:S 11 Aug 2022 12:23:03.677 * MASTER <-> REPLICA sync: Loading DB in memory
1:S 11 Aug 2022 12:23:03.724 # Failed trying to load the MASTER synchronization DB from disk: No such file or directory
1:S 11 Aug 2022 12:23:03.728 * Reconnecting to MASTER redis-master-sentinel:6379 after failure
1:S 11 Aug 2022 12:23:03.732 * MASTER <-> REPLICA sync started
1:S 11 Aug 2022 12:23:03.734 * Non blocking connect for SYNC fired the event.
1:S 11 Aug 2022 12:23:03.741 * Master replied to PING, replication can continue...
1:S 11 Aug 2022 12:23:03.744 * Partial resynchronization not possible (no cached master)
1:S 11 Aug 2022 12:23:07.957 . 0 clients connected (0 replicas), 4517136 bytes in use
1:S 11 Aug 2022 12:23:08.713 * Full resync from master: bb2b2418be6fdd382e873470e5e50d2aec8b469e:196
1:S 11 Aug 2022 12:23:08.718 * MASTER <-> REPLICA sync: receiving streamed RDB from master with EOF to disk
1:S 11 Aug 2022 12:23:08.722 * MASTER <-> REPLICA sync: Flushing old data
1:S 11 Aug 2022 12:23:08.724 * MASTER <-> REPLICA sync: Loading DB in memory
1:S 11 Aug 2022 12:23:08.771 # Failed trying to load the MASTER synchronization DB from disk: No such file or directory
1:S 11 Aug 2022 12:23:08.775 * Reconnecting to MASTER redis-master-sentinel:6379 after failure
1:S 11 Aug 2022 12:23:08.778 * MASTER <-> REPLICA sync started
1:S 11 Aug 2022 12:23:08.781 * Non blocking connect for SYNC fired the event.
1:S 11 Aug 2022 12:23:08.788 * Master replied to PING, replication can continue...
1:S 11 Aug 2022 12:23:08.791 * Partial resynchronization not possible (no cached master)
1:S 11 Aug 2022 12:23:13.003 . 0 clients connected (0 replicas), 4517136 bytes in use
1:S 11 Aug 2022 12:23:13.755 * Full resync from master: bb2b2418be6fdd382e873470e5e50d2aec8b469e:196
1:S 11 Aug 2022 12:23:13.759 * MASTER <-> REPLICA sync: receiving streamed RDB from master with EOF to disk
1:S 11 Aug 2022 12:23:13.762 * MASTER <-> REPLICA sync: Flushing old data
1:S 11 Aug 2022 12:23:13.764 * MASTER <-> REPLICA sync: Loading DB in memory
1:S 11 Aug 2022 12:23:13.812 # Failed trying to load the MASTER synchronization DB from disk: No such file or directory
1:S 11 Aug 2022 12:23:13.816 * Reconnecting to MASTER redis-master-sentinel:6379 after failure
1:S 11 Aug 2022 12:23:13.819 * MASTER <-> REPLICA sync started
1:S 11 Aug 2022 12:23:13.821 * Non blocking connect for SYNC fired the event.
1:S 11 Aug 2022 12:23:13.829 * Master replied to PING, replication can continue...
1:S 11 Aug 2022 12:23:13.832 * Partial resynchronization not possible (no cached master)
1:S 11 Aug 2022 12:23:18.048 . 0 clients connected (0 replicas), 4517136 bytes in use
1:S 11 Aug 2022 12:23:18.797 * Full resync from master: bb2b2418be6fdd382e873470e5e50d2aec8b469e:210
1:S 11 Aug 2022 12:23:18.802 * MASTER <-> REPLICA sync: receiving streamed RDB from master with EOF to disk
1:S 11 Aug 2022 12:23:18.805 * MASTER <-> REPLICA sync: Flushing old data
1:S 11 Aug 2022 12:23:18.808 * MASTER <-> REPLICA sync: Loading DB in memory
1:S 11 Aug 2022 12:23:18.820 # Failed trying to load the MASTER synchronization DB from disk: No such file or directory
1:S 11 Aug 2022 12:23:18.824 * Reconnecting to MASTER redis-master-sentinel:6379 after failure
1:S 11 Aug 2022 12:23:18.826 * MASTER <-> REPLICA sync started
1:S 11 Aug 2022 12:23:18.829 * Non blocking connect for SYNC fired the event.
1:S 11 Aug 2022 12:23:18.836 * Master replied to PING, replication can continue...
1:S 11 Aug 2022 12:23:18.838 * Partial resynchronization not possible (no cached master)
1:S 11 Aug 2022 12:23:23.076 . 0 clients connected (0 replicas), 4517136 bytes in use
1:S 11 Aug 2022 12:23:23.831 * Full resync from master: bb2b2418be6fdd382e873470e5e50d2aec8b469e:210
1:S 11 Aug 2022 12:23:23.836 * MASTER <-> REPLICA sync: receiving streamed RDB from master with EOF to disk
1:S 11 Aug 2022 12:23:23.839 * MASTER <-> REPLICA sync: Flushing old data
1:S 11 Aug 2022 12:23:23.842 * MASTER <-> REPLICA sync: Loading DB in memory
1:S 11 Aug 2022 12:23:23.852 # Failed trying to load the MASTER synchronization DB from disk: No such file or directory
1:S 11 Aug 2022 12:23:23.857 * Reconnecting to MASTER redis-master-sentinel:6379 after failure
1:S 11 Aug 2022 12:23:23.860 * MASTER <-> REPLICA sync started
1:S 11 Aug 2022 12:23:23.863 * Non blocking connect for SYNC fired the event.
1:S 11 Aug 2022 12:23:23.872 * Master replied to PING, replication can continue...
1:S 11 Aug 2022 12:23:23.875 * Partial resynchronization not possible (no cached master)
1:S 11 Aug 2022 12:23:28.092 . 0 clients connected (0 replicas), 4517136 bytes in use
1:S 11 Aug 2022 12:23:28.857 * Full resync from master: bb2b2418be6fdd382e873470e5e50d2aec8b469e:224
1:S 11 Aug 2022 12:23:28.862 * MASTER <-> REPLICA sync: receiving streamed RDB from master with EOF to disk
1:S 11 Aug 2022 12:23:28.866 * MASTER <-> REPLICA sync: Flushing old data
1:S 11 Aug 2022 12:23:28.868 * MASTER <-> REPLICA sync: Loading DB in memory
1:S 11 Aug 2022 12:23:28.913 # Failed trying to load the MASTER synchronization DB from disk: No such file or directory
1:S 11 Aug 2022 12:23:28.916 * Reconnecting to MASTER redis-master-sentinel:6379 after failure
1:S 11 Aug 2022 12:23:28.919 * MASTER <-> REPLICA sync started
1:S 11 Aug 2022 12:23:28.922 * Non blocking connect for SYNC fired the event.
1:S 11 Aug 2022 12:23:28.929 * Master replied to PING, replication can continue...
1:S 11 Aug 2022 12:23:28.931 * Partial resynchronization not possible (no cached master)
1:S 11 Aug 2022 12:23:33.136 . 0 clients connected (0 replicas), 4517136 bytes in use
1:S 11 Aug 2022 12:23:33.898 * Full resync from master: bb2b2418be6fdd382e873470e5e50d2aec8b469e:224
1:S 11 Aug 2022 12:23:33.913 * MASTER <-> REPLICA sync: receiving streamed RDB from master with EOF to disk
1:S 11 Aug 2022 12:23:33.918 * MASTER <-> REPLICA sync: Flushing old data
1:S 11 Aug 2022 12:23:33.922 * MASTER <-> REPLICA sync: Loading DB in memory
1:S 11 Aug 2022 12:23:33.931 # Failed trying to load the MASTER synchronization DB from disk: No such file or directory
1:S 11 Aug 2022 12:23:33.938 * Reconnecting to MASTER redis-master-sentinel:6379 after failure
1:S 11 Aug 2022 12:23:33.946 * MASTER <-> REPLICA sync started
1:S 11 Aug 2022 12:23:33.951 * Non blocking connect for SYNC fired the event.
1:S 11 Aug 2022 12:23:33.968 * Master replied to PING, replication can continue...
1:S 11 Aug 2022 12:23:33.977 * Partial resynchronization not possible (no cached master)
1:S 11 Aug 2022 12:23:38.185 . 0 clients connected (0 replicas), 4517136 bytes in use
1:S 11 Aug 2022 12:23:38.962 * Full resync from master: bb2b2418be6fdd382e873470e5e50d2aec8b469e:238
1:S 11 Aug 2022 12:23:38.967 * MASTER <-> REPLICA sync: receiving streamed RDB from master with EOF to disk
1:S 11 Aug 2022 12:23:38.971 * MASTER <-> REPLICA sync: Flushing old data
1:S 11 Aug 2022 12:23:38.973 * MASTER <-> REPLICA sync: Loading DB in memory
1:S 11 Aug 2022 12:23:39.022 # Failed trying to load the MASTER synchronization DB from disk: No such file or directory
1:S 11 Aug 2022 12:23:39.026 * Reconnecting to MASTER redis-master-sentinel:6379 after failure
1:S 11 Aug 2022 12:23:39.030 * MASTER <-> REPLICA sync started
1:S 11 Aug 2022 12:23:39.033 * Non blocking connect for SYNC fired the event.
1:S 11 Aug 2022 12:23:39.040 * Master replied to PING, replication can continue...
1:S 11 Aug 2022 12:23:39.044 * Partial resynchronization not possible (no cached master)
1:S 11 Aug 2022 12:23:43.249 . 0 clients connected (0 replicas), 4517136 bytes in use
1:S 11 Aug 2022 12:23:44.995 * Full resync from master: bb2b2418be6fdd382e873470e5e50d2aec8b469e:238
1:S 11 Aug 2022 12:23:45.000 * MASTER <-> REPLICA sync: receiving streamed RDB from master with EOF to disk
1:S 11 Aug 2022 12:23:45.003 * MASTER <-> REPLICA sync: Flushing old data
1:S 11 Aug 2022 12:23:45.006 * MASTER <-> REPLICA sync: Loading DB in memory
1:S 11 Aug 2022 12:23:45.053 # Failed trying to load the MASTER synchronization DB from disk: No such file or directory
1:S 11 Aug 2022 12:23:45.057 * Reconnecting to MASTER redis-master-sentinel:6379 after failure
1:S 11 Aug 2022 12:23:45.060 * MASTER <-> REPLICA sync started
1:S 11 Aug 2022 12:23:45.064 * Non blocking connect for SYNC fired the event.
1:S 11 Aug 2022 12:23:45.070 * Master replied to PING, replication can continue...
1:S 11 Aug 2022 12:23:45.072 * Partial resynchronization not possible (no cached master)
1:S 11 Aug 2022 12:23:48.281 . 0 clients connected (0 replicas), 4517136 bytes in use
1:S 11 Aug 2022 12:23:50.036 * Full resync from master: bb2b2418be6fdd382e873470e5e50d2aec8b469e:252
1:S 11 Aug 2022 12:23:50.043 * MASTER <-> REPLICA sync: receiving streamed RDB from master with EOF to disk
1:S 11 Aug 2022 12:23:50.047 * MASTER <-> REPLICA sync: Flushing old data
1:S 11 Aug 2022 12:23:50.052 * MASTER <-> REPLICA sync: Loading DB in memory
1:S 11 Aug 2022 12:23:50.099 # Failed trying to load the MASTER synchronization DB from disk: No such file or directory
1:S 11 Aug 2022 12:23:50.103 * Reconnecting to MASTER redis-master-sentinel:6379 after failure
1:S 11 Aug 2022 12:23:50.106 * MASTER <-> REPLICA sync started
1:S 11 Aug 2022 12:23:50.108 * Non blocking connect for SYNC fired the event.
1:S 11 Aug 2022 12:23:50.114 * Master replied to PING, replication can continue...
1:S 11 Aug 2022 12:23:50.116 * Partial resynchronization not possible (no cached master)
1:S 11 Aug 2022 12:23:53.327 . 0 clients connected (0 replicas), 4517136 bytes in use
1:S 11 Aug 2022 12:23:55.072 * Full resync from master: bb2b2418be6fdd382e873470e5e50d2aec8b469e:252
1:S 11 Aug 2022 12:23:55.077 * MASTER <-> REPLICA sync: receiving streamed RDB from master with EOF to disk
1:S 11 Aug 2022 12:23:55.080 * MASTER <-> REPLICA sync: Flushing old data
1:S 11 Aug 2022 12:23:55.083 * MASTER <-> REPLICA sync: Loading DB in memory
1:S 11 Aug 2022 12:23:55.130 # Failed trying to load the MASTER synchronization DB from disk: No such file or directory
1:S 11 Aug 2022 12:23:55.133 * Reconnecting to MASTER redis-master-sentinel:6379 after failure
1:S 11 Aug 2022 12:23:55.136 * MASTER <-> REPLICA sync started
1:S 11 Aug 2022 12:23:55.138 * Non blocking connect for SYNC fired the event.
1:S 11 Aug 2022 12:23:55.142 * Master replied to PING, replication can continue...
1:S 11 Aug 2022 12:23:55.145 * Partial resynchronization not possible (no cached master)
1:S 11 Aug 2022 12:23:58.354 . 0 clients connected (0 replicas), 4517136 bytes in use
1:S 11 Aug 2022 12:24:00.106 * Full resync from master: bb2b2418be6fdd382e873470e5e50d2aec8b469e:266
1:S 11 Aug 2022 12:24:00.110 * MASTER <-> REPLICA sync: receiving streamed RDB from master with EOF to disk
1:S 11 Aug 2022 12:24:00.114 * MASTER <-> REPLICA sync: Flushing old data
1:S 11 Aug 2022 12:24:00.115 * MASTER <-> REPLICA sync: Loading DB in memory
1:S 11 Aug 2022 12:24:00.126 # Failed trying to load the MASTER synchronization DB from disk: No such file or directory
1:S 11 Aug 2022 12:24:00.130 * Reconnecting to MASTER redis-master-sentinel:6379 after failure
1:S 11 Aug 2022 12:24:00.133 * MASTER <-> REPLICA sync started
1:S 11 Aug 2022 12:24:00.136 * Non blocking connect for SYNC fired the event.
1:S 11 Aug 2022 12:24:00.141 * Master replied to PING, replication can continue...
1:S 11 Aug 2022 12:24:00.143 * Partial resynchronization not possible (no cached master)
1:S 11 Aug 2022 12:24:03.380 . 0 clients connected (0 replicas), 4517136 bytes in use
1:S 11 Aug 2022 12:24:05.141 * Full resync from master: bb2b2418be6fdd382e873470e5e50d2aec8b469e:266
1:S 11 Aug 2022 12:24:05.148 * MASTER <-> REPLICA sync: receiving streamed RDB from master with EOF to disk
1:S 11 Aug 2022 12:24:05.153 * MASTER <-> REPLICA sync: Flushing old data
1:S 11 Aug 2022 12:24:05.155 * MASTER <-> REPLICA sync: Loading DB in memory
1:S 11 Aug 2022 12:24:05.207 # Failed trying to load the MASTER synchronization DB from disk: No such file or directory
1:S 11 Aug 2022 12:24:05.211 * Reconnecting to MASTER redis-master-sentinel:6379 after failure
1:S 11 Aug 2022 12:24:05.216 * MASTER <-> REPLICA sync started
1:S 11 Aug 2022 12:24:05.222 * Non blocking connect for SYNC fired the event.
1:S 11 Aug 2022 12:24:05.234 * Master replied to PING, replication can continue...
1:S 11 Aug 2022 12:24:05.237 * Partial resynchronization not possible (no cached master)
1:S 11 Aug 2022 12:24:08.436 . 0 clients connected (0 replicas), 4517136 bytes in use
1:S 11 Aug 2022 12:24:10.178 * Full resync from master: bb2b2418be6fdd382e873470e5e50d2aec8b469e:280
1:S 11 Aug 2022 12:24:10.183 * MASTER <-> REPLICA sync: receiving streamed RDB from master with EOF to disk
1:S 11 Aug 2022 12:24:10.186 * MASTER <-> REPLICA sync: Flushing old data
1:S 11 Aug 2022 12:24:10.188 * MASTER <-> REPLICA sync: Loading DB in memory
1:S 11 Aug 2022 12:24:10.234 # Failed trying to load the MASTER synchronization DB from disk: No such file or directory
1:S 11 Aug 2022 12:24:10.237 * Reconnecting to MASTER redis-master-sentinel:6379 after failure
1:S 11 Aug 2022 12:24:10.240 * MASTER <-> REPLICA sync started
1:S 11 Aug 2022 12:24:10.243 * Non blocking connect for SYNC fired the event.
1:S 11 Aug 2022 12:24:10.251 * Master replied to PING, replication can continue...
1:S 11 Aug 2022 12:24:10.255 * Partial resynchronization not possible (no cached master)
1:S 11 Aug 2022 12:24:13.463 . 0 clients connected (0 replicas), 4517136 bytes in use
1:S 11 Aug 2022 12:24:15.209 * Full resync from master: bb2b2418be6fdd382e873470e5e50d2aec8b469e:280
1:S 11 Aug 2022 12:24:15.213 * MASTER <-> REPLICA sync: receiving streamed RDB from master with EOF to disk
1:S 11 Aug 2022 12:24:15.217 * MASTER <-> REPLICA sync: Flushing old data
1:S 11 Aug 2022 12:24:15.219 * MASTER <-> REPLICA sync: Loading DB in memory
1:S 11 Aug 2022 12:24:15.265 # Failed trying to load the MASTER synchronization DB from disk: No such file or directory
1:S 11 Aug 2022 12:24:15.268 * Reconnecting to MASTER redis-master-sentinel:6379 after failure
1:S 11 Aug 2022 12:24:15.271 * MASTER <-> REPLICA sync started
1:S 11 Aug 2022 12:24:15.273 * Non blocking connect for SYNC fired the event.
1:S 11 Aug 2022 12:24:15.279 * Master replied to PING, replication can continue...
1:S 11 Aug 2022 12:24:15.282 * Partial resynchronization not possible (no cached master)
1:S 11 Aug 2022 12:24:18.490 . 0 clients connected (0 replicas), 4517136 bytes in use
1:S 11 Aug 2022 12:24:20.243 * Full resync from master: bb2b2418be6fdd382e873470e5e50d2aec8b469e:294
1:S 11 Aug 2022 12:24:20.248 * MASTER <-> REPLICA sync: receiving streamed RDB from master with EOF to disk
1:S 11 Aug 2022 12:24:20.252 * MASTER <-> REPLICA sync: Flushing old data
1:S 11 Aug 2022 12:24:20.254 * MASTER <-> REPLICA sync: Loading DB in memory
1:S 11 Aug 2022 12:24:20.262 # Failed trying to load the MASTER synchronization DB from disk: No such file or directory
1:S 11 Aug 2022 12:24:20.266 * Reconnecting to MASTER redis-master-sentinel:6379 after failure
1:S 11 Aug 2022 12:24:20.269 * MASTER <-> REPLICA sync started
1:S 11 Aug 2022 12:24:20.271 * Non blocking connect for SYNC fired the event.
1:S 11 Aug 2022 12:24:20.277 * Master replied to PING, replication can continue...
1:S 11 Aug 2022 12:24:20.280 * Partial resynchronization not possible (no cached master)
1:S 11 Aug 2022 12:24:23.515 . 0 clients connected (0 replicas), 4517136 bytes in use
1:S 11 Aug 2022 12:24:25.279 * Full resync from master: bb2b2418be6fdd382e873470e5e50d2aec8b469e:294
1:S 11 Aug 2022 12:24:25.283 * MASTER <-> REPLICA sync: receiving streamed RDB from master with EOF to disk
1:S 11 Aug 2022 12:24:25.287 * MASTER <-> REPLICA sync: Flushing old data
1:S 11 Aug 2022 12:24:25.289 * MASTER <-> REPLICA sync: Loading DB in memory
1:S 11 Aug 2022 12:24:25.334 # Failed trying to load the MASTER synchronization DB from disk: No such file or directory
1:S 11 Aug 2022 12:24:25.337 * Reconnecting to MASTER redis-master-sentinel:6379 after failure
1:S 11 Aug 2022 12:24:25.339 * MASTER <-> REPLICA sync started
1:S 11 Aug 2022 12:24:25.342 * Non blocking connect for SYNC fired the event.
1:S 11 Aug 2022 12:24:25.348 * Master replied to PING, replication can continue...
1:S 11 Aug 2022 12:24:25.349 * Partial resynchronization not possible (no cached master)
1:S 11 Aug 2022 12:24:28.559 . 0 clients connected (0 replicas), 4517136 bytes in use
1:S 11 Aug 2022 12:24:30.317 * Full resync from master: bb2b2418be6fdd382e873470e5e50d2aec8b469e:308
1:S 11 Aug 2022 12:24:30.321 * MASTER <-> REPLICA sync: receiving streamed RDB from master with EOF to disk
1:S 11 Aug 2022 12:24:30.324 * MASTER <-> REPLICA sync: Flushing old data
1:S 11 Aug 2022 12:24:30.326 * MASTER <-> REPLICA sync: Loading DB in memory
1:S 11 Aug 2022 12:24:30.335 # Failed trying to load the MASTER synchronization DB from disk: No such file or directory
1:S 11 Aug 2022 12:24:30.338 * Reconnecting to MASTER redis-master-sentinel:6379 after failure
1:S 11 Aug 2022 12:24:30.340 * MASTER <-> REPLICA sync started
1:S 11 Aug 2022 12:24:30.343 * Non blocking connect for SYNC fired the event.
1:S 11 Aug 2022 12:24:30.349 * Master replied to PING, replication can continue...
1:S 11 Aug 2022 12:24:30.351 * Partial resynchronization not possible (no cached master)
1:S 11 Aug 2022 12:24:33.588 . 0 clients connected (0 replicas), 4517136 bytes in use
1:S 11 Aug 2022 12:24:35.350 * Full resync from master: bb2b2418be6fdd382e873470e5e50d2aec8b469e:308
1:S 11 Aug 2022 12:24:35.354 * MASTER <-> REPLICA sync: receiving streamed RDB from master with EOF to disk
1:S 11 Aug 2022 12:24:35.357 * MASTER <-> REPLICA sync: Flushing old data
1:S 11 Aug 2022 12:24:35.359 * MASTER <-> REPLICA sync: Loading DB in memory
1:S 11 Aug 2022 12:24:35.405 # Failed trying to load the MASTER synchronization DB from disk: No such file or directory
1:S 11 Aug 2022 12:24:35.408 * Reconnecting to MASTER redis-master-sentinel:6379 after failure
1:S 11 Aug 2022 12:24:35.411 * MASTER <-> REPLICA sync started
1:S 11 Aug 2022 12:24:35.413 * Non blocking connect for SYNC fired the event.
1:S 11 Aug 2022 12:24:35.418 * Master replied to PING, replication can continue...
1:S 11 Aug 2022 12:24:35.421 * Partial resynchronization not possible (no cached master)
1:S 11 Aug 2022 12:24:38.630 . 0 clients connected (0 replicas), 4517136 bytes in use
1:S 11 Aug 2022 12:24:40.384 * Full resync from master: bb2b2418be6fdd382e873470e5e50d2aec8b469e:322
1:S 11 Aug 2022 12:24:40.389 * MASTER <-> REPLICA sync: receiving streamed RDB from master with EOF to disk
1:S 11 Aug 2022 12:24:40.392 * MASTER <-> REPLICA sync: Flushing old data
1:S 11 Aug 2022 12:24:40.393 * MASTER <-> REPLICA sync: Loading DB in memory
1:S 11 Aug 2022 12:24:40.439 # Failed trying to load the MASTER synchronization DB from disk: No such file or directory
1:S 11 Aug 2022 12:24:40.443 * Reconnecting to MASTER redis-master-sentinel:6379 after failure
1:S 11 Aug 2022 12:24:40.446 * MASTER <-> REPLICA sync started
1:S 11 Aug 2022 12:24:40.448 * Non blocking connect for SYNC fired the event.
1:S 11 Aug 2022 12:24:40.455 * Master replied to PING, replication can continue...
1:S 11 Aug 2022 12:24:40.457 * Partial resynchronization not possible (no cached master)
1:S 11 Aug 2022 12:24:43.668 . 0 clients connected (0 replicas), 4517136 bytes in use
1:S 11 Aug 2022 12:24:45.424 * Full resync from master: bb2b2418be6fdd382e873470e5e50d2aec8b469e:322
1:S 11 Aug 2022 12:24:45.428 * MASTER <-> REPLICA sync: receiving streamed RDB from master with EOF to disk
1:S 11 Aug 2022 12:24:45.431 * MASTER <-> REPLICA sync: Flushing old data
1:S 11 Aug 2022 12:24:45.433 * MASTER <-> REPLICA sync: Loading DB in memory
1:S 11 Aug 2022 12:24:45.480 # Failed trying to load the MASTER synchronization DB from disk: No such file or directory
1:S 11 Aug 2022 12:24:45.485 * Reconnecting to MASTER redis-master-sentinel:6379 after failure
1:S 11 Aug 2022 12:24:45.488 * MASTER <-> REPLICA sync started
1:S 11 Aug 2022 12:24:45.491 * Non blocking connect for SYNC fired the event.
1:S 11 Aug 2022 12:24:45.496 * Master replied to PING, replication can continue...
1:S 11 Aug 2022 12:24:45.498 * Partial resynchronization not possible (no cached master)
1:S 11 Aug 2022 12:24:48.705 . 0 clients connected (0 replicas), 4517136 bytes in use
1:S 11 Aug 2022 12:24:50.462 * Full resync from master: bb2b2418be6fdd382e873470e5e50d2aec8b469e:336
1:S 11 Aug 2022 12:24:50.466 * MASTER <-> REPLICA sync: receiving streamed RDB from master with EOF to disk
1:S 11 Aug 2022 12:24:50.468 * MASTER <-> REPLICA sync: Flushing old data
1:S 11 Aug 2022 12:24:50.470 * MASTER <-> REPLICA sync: Loading DB in memory
1:S 11 Aug 2022 12:24:50.485 # Failed trying to load the MASTER synchronization DB from disk: No such file or directory
1:S 11 Aug 2022 12:24:50.488 * Reconnecting to MASTER redis-master-sentinel:6379 after failure
1:S 11 Aug 2022 12:24:50.491 * MASTER <-> REPLICA sync started
1:S 11 Aug 2022 12:24:50.493 * Non blocking connect for SYNC fired the event.
1:S 11 Aug 2022 12:24:50.497 * Master replied to PING, replication can continue...
1:S 11 Aug 2022 12:24:50.500 * Partial resynchronization not possible (no cached master)
1:S 11 Aug 2022 12:24:53.733 . 0 clients connected (0 replicas), 4517136 bytes in use
1:S 11 Aug 2022 12:24:55.499 * Full resync from master: bb2b2418be6fdd382e873470e5e50d2aec8b469e:336
1:S 11 Aug 2022 12:24:55.503 * MASTER <-> REPLICA sync: receiving streamed RDB from master with EOF to disk
1:S 11 Aug 2022 12:24:55.506 * MASTER <-> REPLICA sync: Flushing old data
1:S 11 Aug 2022 12:24:55.508 * MASTER <-> REPLICA sync: Loading DB in memory
1:S 11 Aug 2022 12:24:55.521 # Failed trying to load the MASTER synchronization DB from disk: No such file or directory
1:S 11 Aug 2022 12:24:55.524 * Reconnecting to MASTER redis-master-sentinel:6379 after failure
1:S 11 Aug 2022 12:24:55.527 * MASTER <-> REPLICA sync started
1:S 11 Aug 2022 12:24:55.529 * Non blocking connect for SYNC fired the event.
1:S 11 Aug 2022 12:24:55.537 * Master replied to PING, replication can continue...
1:S 11 Aug 2022 12:24:55.540 * Partial resynchronization not possible (no cached master)
1:S 11 Aug 2022 12:24:58.759 . 0 clients connected (0 replicas), 4517136 bytes in use
1:S 11 Aug 2022 12:25:00.530 * Full resync from master: bb2b2418be6fdd382e873470e5e50d2aec8b469e:350
1:S 11 Aug 2022 12:25:00.535 * MASTER <-> REPLICA sync: receiving streamed RDB from master with EOF to disk
1:S 11 Aug 2022 12:25:00.539 * MASTER <-> REPLICA sync: Flushing old data
1:S 11 Aug 2022 12:25:00.540 * MASTER <-> REPLICA sync: Loading DB in memory
1:S 11 Aug 2022 12:25:00.548 # Failed trying to load the MASTER synchronization DB from disk: No such file or directory
1:S 11 Aug 2022 12:25:00.550 * Reconnecting to MASTER redis-master-sentinel:6379 after failure
1:S 11 Aug 2022 12:25:00.553 * MASTER <-> REPLICA sync started
1:S 11 Aug 2022 12:25:00.555 * Non blocking connect for SYNC fired the event.
1:S 11 Aug 2022 12:25:00.561 * Master replied to PING, replication can continue...
1:S 11 Aug 2022 12:25:00.563 * Partial resynchronization not possible (no cached master)
1:S 11 Aug 2022 12:25:03.787 . 0 clients connected (0 replicas), 4517136 bytes in use
1:S 11 Aug 2022 12:25:05.570 * Full resync from master: bb2b2418be6fdd382e873470e5e50d2aec8b469e:350
1:S 11 Aug 2022 12:25:05.574 * MASTER <-> REPLICA sync: receiving streamed RDB from master with EOF to disk
1:S 11 Aug 2022 12:25:05.577 * MASTER <-> REPLICA sync: Flushing old data
1:S 11 Aug 2022 12:25:05.579 * MASTER <-> REPLICA sync: Loading DB in memory
1:S 11 Aug 2022 12:25:05.587 # Failed trying to load the MASTER synchronization DB from disk: No such file or directory
1:S 11 Aug 2022 12:25:05.590 * Reconnecting to MASTER redis-master-sentinel:6379 after failure
1:S 11 Aug 2022 12:25:05.592 * MASTER <-> REPLICA sync started
1:S 11 Aug 2022 12:25:05.594 * Non blocking connect for SYNC fired the event.
1:S 11 Aug 2022 12:25:05.600 * Master replied to PING, replication can continue...
1:S 11 Aug 2022 12:25:05.602 * Partial resynchronization not possible (no cached master)
1:S 11 Aug 2022 12:25:08.819 . 0 clients connected (0 replicas), 4517136 bytes in use
1:S 11 Aug 2022 12:25:10.605 * Full resync from master: bb2b2418be6fdd382e873470e5e50d2aec8b469e:364
1:S 11 Aug 2022 12:25:10.609 * MASTER <-> REPLICA sync: receiving streamed RDB from master with EOF to disk
1:S 11 Aug 2022 12:25:10.613 * MASTER <-> REPLICA sync: Flushing old data
1:S 11 Aug 2022 12:25:10.614 * MASTER <-> REPLICA sync: Loading DB in memory
1:S 11 Aug 2022 12:25:10.624 # Failed trying to load the MASTER synchronization DB from disk: No such file or directory
1:S 11 Aug 2022 12:25:10.627 * Reconnecting to MASTER redis-master-sentinel:6379 after failure
1:S 11 Aug 2022 12:25:10.631 * MASTER <-> REPLICA sync started
1:S 11 Aug 2022 12:25:10.633 * Non blocking connect for SYNC fired the event.
1:S 11 Aug 2022 12:25:10.642 * Master replied to PING, replication can continue...
1:S 11 Aug 2022 12:25:10.647 * Partial resynchronization not possible (no cached master)
1:S 11 Aug 2022 12:25:13.847 . 0 clients connected (0 replicas), 4517136 bytes in use
1:S 11 Aug 2022 12:25:15.635 * Full resync from master: bb2b2418be6fdd382e873470e5e50d2aec8b469e:364
1:S 11 Aug 2022 12:25:15.640 * MASTER <-> REPLICA sync: receiving streamed RDB from master with EOF to disk
1:S 11 Aug 2022 12:25:15.643 * MASTER <-> REPLICA sync: Flushing old data
1:S 11 Aug 2022 12:25:15.645 * MASTER <-> REPLICA sync: Loading DB in memory
1:S 11 Aug 2022 12:25:15.653 # Failed trying to load the MASTER synchronization DB from disk: No such file or directory
1:S 11 Aug 2022 12:25:15.656 * Reconnecting to MASTER redis-master-sentinel:6379 after failure
1:S 11 Aug 2022 12:25:15.659 * MASTER <-> REPLICA sync started
1:S 11 Aug 2022 12:25:15.661 * Non blocking connect for SYNC fired the event.
1:S 11 Aug 2022 12:25:15.667 * Master replied to PING, replication can continue...
1:S 11 Aug 2022 12:25:15.668 * Partial resynchronization not possible (no cached master)
1:S 11 Aug 2022 12:25:18.876 . 0 clients connected (0 replicas), 4517136 bytes in use
1:S 11 Aug 2022 12:25:20.669 * Full resync from master: bb2b2418be6fdd382e873470e5e50d2aec8b469e:378
1:S 11 Aug 2022 12:25:20.673 * MASTER <-> REPLICA sync: receiving streamed RDB from master with EOF to disk
1:S 11 Aug 2022 12:25:20.676 * MASTER <-> REPLICA sync: Flushing old data
1:S 11 Aug 2022 12:25:20.679 * MASTER <-> REPLICA sync: Loading DB in memory
1:S 11 Aug 2022 12:25:20.689 # Failed trying to load the MASTER synchronization DB from disk: No such file or directory
1:S 11 Aug 2022 12:25:20.692 * Reconnecting to MASTER redis-master-sentinel:6379 after failure
1:S 11 Aug 2022 12:25:20.695 * MASTER <-> REPLICA sync started
1:S 11 Aug 2022 12:25:20.697 * Non blocking connect for SYNC fired the event.
1:S 11 Aug 2022 12:25:20.705 * Master replied to PING, replication can continue...
1:S 11 Aug 2022 12:25:20.708 * Partial resynchronization not possible (no cached master)
1:S 11 Aug 2022 12:25:23.912 . 0 clients connected (0 replicas), 4517136 bytes in use
1:S 11 Aug 2022 12:25:25.703 * Full resync from master: bb2b2418be6fdd382e873470e5e50d2aec8b469e:378
1:S 11 Aug 2022 12:25:25.707 * MASTER <-> REPLICA sync: receiving streamed RDB from master with EOF to disk
1:S 11 Aug 2022 12:25:25.709 * MASTER <-> REPLICA sync: Flushing old data
1:S 11 Aug 2022 12:25:25.711 * MASTER <-> REPLICA sync: Loading DB in memory
1:S 11 Aug 2022 12:25:25.719 # Failed trying to load the MASTER synchronization DB from disk: No such file or directory
1:S 11 Aug 2022 12:25:25.722 * Reconnecting to MASTER redis-master-sentinel:6379 after failure
1:S 11 Aug 2022 12:25:25.725 * MASTER <-> REPLICA sync started
1:S 11 Aug 2022 12:25:25.728 * Non blocking connect for SYNC fired the event.
1:S 11 Aug 2022 12:25:25.732 * Master replied to PING, replication can continue...
1:S 11 Aug 2022 12:25:25.735 * Partial resynchronization not possible (no cached master)
1:S 11 Aug 2022 12:25:28.945 . 0 clients connected (0 replicas), 4517136 bytes in use
1:S 11 Aug 2022 12:25:30.740 * Full resync from master: bb2b2418be6fdd382e873470e5e50d2aec8b469e:392
1:S 11 Aug 2022 12:25:30.745 * MASTER <-> REPLICA sync: receiving streamed RDB from master with EOF to disk
1:S 11 Aug 2022 12:25:30.748 * MASTER <-> REPLICA sync: Flushing old data
1:S 11 Aug 2022 12:25:30.751 * MASTER <-> REPLICA sync: Loading DB in memory
1:S 11 Aug 2022 12:25:30.760 # Failed trying to load the MASTER synchronization DB from disk: No such file or directory
1:S 11 Aug 2022 12:25:30.765 * Reconnecting to MASTER redis-master-sentinel:6379 after failure
1:S 11 Aug 2022 12:25:30.767 * MASTER <-> REPLICA sync started
1:S 11 Aug 2022 12:25:30.770 * Non blocking connect for SYNC fired the event.
1:S 11 Aug 2022 12:25:30.775 * Master replied to PING, replication can continue...
1:S 11 Aug 2022 12:25:30.777 * Partial resynchronization not possible (no cached master)
1:S 11 Aug 2022 12:25:33.987 . 0 clients connected (0 replicas), 4517136 bytes in use
1:S 11 Aug 2022 12:25:35.778 * Full resync from master: bb2b2418be6fdd382e873470e5e50d2aec8b469e:392
1:S 11 Aug 2022 12:25:35.783 * MASTER <-> REPLICA sync: receiving streamed RDB from master with EOF to disk
1:S 11 Aug 2022 12:25:35.786 * MASTER <-> REPLICA sync: Flushing old data
1:S 11 Aug 2022 12:25:35.788 * MASTER <-> REPLICA sync: Loading DB in memory
1:S 11 Aug 2022 12:25:35.798 # Failed trying to load the MASTER synchronization DB from disk: No such file or directory
1:S 11 Aug 2022 12:25:35.802 * Reconnecting to MASTER redis-master-sentinel:6379 after failure
1:S 11 Aug 2022 12:25:35.805 * MASTER <-> REPLICA sync started
1:S 11 Aug 2022 12:25:35.808 * Non blocking connect for SYNC fired the event.
1:S 11 Aug 2022 12:25:35.815 * Master replied to PING, replication can continue...
1:S 11 Aug 2022 12:25:35.818 * Partial resynchronization not possible (no cached master)
1:S 11 Aug 2022 12:25:39.025 . 0 clients connected (0 replicas), 4517136 bytes in use
1:S 11 Aug 2022 12:25:40.814 * Full resync from master: bb2b2418be6fdd382e873470e5e50d2aec8b469e:406
1:S 11 Aug 2022 12:25:40.818 * MASTER <-> REPLICA sync: receiving streamed RDB from master with EOF to disk
1:S 11 Aug 2022 12:25:40.821 * MASTER <-> REPLICA sync: Flushing old data
1:S 11 Aug 2022 12:25:40.823 * MASTER <-> REPLICA sync: Loading DB in memory
1:S 11 Aug 2022 12:25:40.830 # Failed trying to load the MASTER synchronization DB from disk: No such file or directory
1:S 11 Aug 2022 12:25:40.832 * Reconnecting to MASTER redis-master-sentinel:6379 after failure
1:S 11 Aug 2022 12:25:40.835 * MASTER <-> REPLICA sync started
1:S 11 Aug 2022 12:25:40.837 * Non blocking connect for SYNC fired the event.
1:S 11 Aug 2022 12:25:40.843 * Master replied to PING, replication can continue...
1:S 11 Aug 2022 12:25:40.845 * Partial resynchronization not possible (no cached master)
1:S 11 Aug 2022 12:25:44.054 . 0 clients connected (0 replicas), 4517136 bytes in use
1:S 11 Aug 2022 12:25:45.849 * Full resync from master: bb2b2418be6fdd382e873470e5e50d2aec8b469e:406
1:S 11 Aug 2022 12:25:45.854 * MASTER <-> REPLICA sync: receiving streamed RDB from master with EOF to disk
1:S 11 Aug 2022 12:25:45.857 * MASTER <-> REPLICA sync: Flushing old data
1:S 11 Aug 2022 12:25:45.858 * MASTER <-> REPLICA sync: Loading DB in memory
1:S 11 Aug 2022 12:25:45.867 # Failed trying to load the MASTER synchronization DB from disk: No such file or directory
1:S 11 Aug 2022 12:25:45.870 * Reconnecting to MASTER redis-master-sentinel:6379 after failure
1:S 11 Aug 2022 12:25:45.874 * MASTER <-> REPLICA sync started
1:S 11 Aug 2022 12:25:45.876 * Non blocking connect for SYNC fired the event.
1:S 11 Aug 2022 12:25:45.880 * Master replied to PING, replication can continue...
1:S 11 Aug 2022 12:25:45.882 * Partial resynchronization not possible (no cached master)
1:S 11 Aug 2022 12:25:49.094 . 0 clients connected (0 replicas), 4517136 bytes in use
1:S 11 Aug 2022 12:25:50.877 * Full resync from master: bb2b2418be6fdd382e873470e5e50d2aec8b469e:420
1:S 11 Aug 2022 12:25:50.882 * MASTER <-> REPLICA sync: receiving streamed RDB from master with EOF to disk
1:S 11 Aug 2022 12:25:50.885 * MASTER <-> REPLICA sync: Flushing old data
1:S 11 Aug 2022 12:25:50.886 * MASTER <-> REPLICA sync: Loading DB in memory
1:S 11 Aug 2022 12:25:50.895 # Failed trying to load the MASTER synchronization DB from disk: No such file or directory
1:S 11 Aug 2022 12:25:50.898 * Reconnecting to MASTER redis-master-sentinel:6379 after failure
1:S 11 Aug 2022 12:25:50.901 * MASTER <-> REPLICA sync started
1:S 11 Aug 2022 12:25:50.903 * Non blocking connect for SYNC fired the event.
1:S 11 Aug 2022 12:25:50.909 * Master replied to PING, replication can continue...
1:S 11 Aug 2022 12:25:50.911 * Partial resynchronization not possible (no cached master)
1:S 11 Aug 2022 12:25:54.117 . 0 clients connected (0 replicas), 4517136 bytes in use
1:S 11 Aug 2022 12:25:55.910 * Full resync from master: bb2b2418be6fdd382e873470e5e50d2aec8b469e:420
1:S 11 Aug 2022 12:25:55.917 * MASTER <-> REPLICA sync: receiving streamed RDB from master with EOF to disk
1:S 11 Aug 2022 12:25:55.920 * MASTER <-> REPLICA sync: Flushing old data
1:S 11 Aug 2022 12:25:55.922 * MASTER <-> REPLICA sync: Loading DB in memory
1:S 11 Aug 2022 12:25:55.932 # Failed trying to load the MASTER synchronization DB from disk: No such file or directory
1:S 11 Aug 2022 12:25:55.937 * Reconnecting to MASTER redis-master-sentinel:6379 after failure
1:S 11 Aug 2022 12:25:55.939 * MASTER <-> REPLICA sync started
1:S 11 Aug 2022 12:25:55.943 * Non blocking connect for SYNC fired the event.
1:S 11 Aug 2022 12:25:55.948 * Master replied to PING, replication can continue...
1:S 11 Aug 2022 12:25:55.951 * Partial resynchronization not possible (no cached master)
1:S 11 Aug 2022 12:25:59.160 . 0 clients connected (0 replicas), 4517136 bytes in use
1:S 11 Aug 2022 12:26:00.950 * Full resync from master: bb2b2418be6fdd382e873470e5e50d2aec8b469e:434
1:S 11 Aug 2022 12:26:00.954 * MASTER <-> REPLICA sync: receiving streamed RDB from master with EOF to disk
1:S 11 Aug 2022 12:26:00.958 * MASTER <-> REPLICA sync: Flushing old data
1:S 11 Aug 2022 12:26:00.959 * MASTER <-> REPLICA sync: Loading DB in memory
1:S 11 Aug 2022 12:26:00.966 # Failed trying to load the MASTER synchronization DB from disk: No such file or directory
1:S 11 Aug 2022 12:26:00.969 * Reconnecting to MASTER redis-master-sentinel:6379 after failure
1:S 11 Aug 2022 12:26:00.972 * MASTER <-> REPLICA sync started
1:S 11 Aug 2022 12:26:00.974 * Non blocking connect for SYNC fired the event.
1:S 11 Aug 2022 12:26:00.981 * Master replied to PING, replication can continue...
1:S 11 Aug 2022 12:26:00.983 * Partial resynchronization not possible (no cached master)
1:S 11 Aug 2022 12:26:04.188 . 0 clients connected (0 replicas), 4517136 bytes in use
1:S 11 Aug 2022 12:26:05.983 * Full resync from master: bb2b2418be6fdd382e873470e5e50d2aec8b469e:434
1:S 11 Aug 2022 12:26:05.988 * MASTER <-> REPLICA sync: receiving streamed RDB from master with EOF to disk
1:S 11 Aug 2022 12:26:05.991 * MASTER <-> REPLICA sync: Flushing old data
1:S 11 Aug 2022 12:26:05.993 * MASTER <-> REPLICA sync: Loading DB in memory
1:S 11 Aug 2022 12:26:06.000 # Failed trying to load the MASTER synchronization DB from disk: No such file or directory
1:S 11 Aug 2022 12:26:06.003 * Reconnecting to MASTER redis-master-sentinel:6379 after failure
1:S 11 Aug 2022 12:26:06.006 * MASTER <-> REPLICA sync started
1:S 11 Aug 2022 12:26:06.008 * Non blocking connect for SYNC fired the event.
1:S 11 Aug 2022 12:26:06.015 * Master replied to PING, replication can continue...
1:S 11 Aug 2022 12:26:06.017 * Partial resynchronization not possible (no cached master)
1:S 11 Aug 2022 12:26:09.220 . 0 clients connected (0 replicas), 4517136 bytes in use
1:S 11 Aug 2022 12:26:11.014 * Full resync from master: bb2b2418be6fdd382e873470e5e50d2aec8b469e:448
1:S 11 Aug 2022 12:26:11.019 * MASTER <-> REPLICA sync: receiving streamed RDB from master with EOF to disk
1:S 11 Aug 2022 12:26:11.023 * MASTER <-> REPLICA sync: Flushing old data
1:S 11 Aug 2022 12:26:11.025 * MASTER <-> REPLICA sync: Loading DB in memory
1:S 11 Aug 2022 12:26:11.037 # Failed trying to load the MASTER synchronization DB from disk: No such file or directory
1:S 11 Aug 2022 12:26:11.041 * Reconnecting to MASTER redis-master-sentinel:6379 after failure
1:S 11 Aug 2022 12:26:11.044 * MASTER <-> REPLICA sync started
1:S 11 Aug 2022 12:26:11.047 * Non blocking connect for SYNC fired the event.
1:S 11 Aug 2022 12:26:11.055 * Master replied to PING, replication can continue...
1:S 11 Aug 2022 12:26:11.057 * Partial resynchronization not possible (no cached master)
1:S 11 Aug 2022 12:26:14.263 . 0 clients connected (0 replicas), 4517136 bytes in use
1:S 11 Aug 2022 12:26:16.049 * Full resync from master: bb2b2418be6fdd382e873470e5e50d2aec8b469e:448
1:S 11 Aug 2022 12:26:16.053 * MASTER <-> REPLICA sync: receiving streamed RDB from master with EOF to disk
1:S 11 Aug 2022 12:26:16.056 * MASTER <-> REPLICA sync: Flushing old data
1:S 11 Aug 2022 12:26:16.057 * MASTER <-> REPLICA sync: Loading DB in memory
1:S 11 Aug 2022 12:26:16.067 # Failed trying to load the MASTER synchronization DB from disk: No such file or directory
1:S 11 Aug 2022 12:26:16.071 * Reconnecting to MASTER redis-master-sentinel:6379 after failure
1:S 11 Aug 2022 12:26:16.074 * MASTER <-> REPLICA sync started
1:S 11 Aug 2022 12:26:16.076 * Non blocking connect for SYNC fired the event.
1:S 11 Aug 2022 12:26:16.084 * Master replied to PING, replication can continue...
1:S 11 Aug 2022 12:26:16.086 * Partial resynchronization not possible (no cached master)
1:S 11 Aug 2022 12:26:19.292 . 0 clients connected (0 replicas), 4517136 bytes in use
1:S 11 Aug 2022 12:26:21.081 * Full resync from master: bb2b2418be6fdd382e873470e5e50d2aec8b469e:462
1:S 11 Aug 2022 12:26:21.086 * MASTER <-> REPLICA sync: receiving streamed RDB from master with EOF to disk
1:S 11 Aug 2022 12:26:21.090 * MASTER <-> REPLICA sync: Flushing old data
1:S 11 Aug 2022 12:26:21.092 * MASTER <-> REPLICA sync: Loading DB in memory
1:S 11 Aug 2022 12:26:21.101 # Failed trying to load the MASTER synchronization DB from disk: No such file or directory
1:S 11 Aug 2022 12:26:21.104 * Reconnecting to MASTER redis-master-sentinel:6379 after failure
1:S 11 Aug 2022 12:26:21.108 * MASTER <-> REPLICA sync started
1:S 11 Aug 2022 12:26:21.111 * Non blocking connect for SYNC fired the event.
1:S 11 Aug 2022 12:26:21.119 * Master replied to PING, replication can continue...
1:S 11 Aug 2022 12:26:21.121 * Partial resynchronization not possible (no cached master)
1:S 11 Aug 2022 12:26:24.323 . 0 clients connected (0 replicas), 4517136 bytes in use
1:S 11 Aug 2022 12:26:26.120 * Full resync from master: bb2b2418be6fdd382e873470e5e50d2aec8b469e:462
1:S 11 Aug 2022 12:26:26.126 * MASTER <-> REPLICA sync: receiving streamed RDB from master with EOF to disk
1:S 11 Aug 2022 12:26:26.131 * MASTER <-> REPLICA sync: Flushing old data
1:S 11 Aug 2022 12:26:26.134 * MASTER <-> REPLICA sync: Loading DB in memory
1:S 11 Aug 2022 12:26:26.214 # Failed trying to load the MASTER synchronization DB from disk: No such file or directory
1:S 11 Aug 2022 12:26:26.218 * Reconnecting to MASTER redis-master-sentinel:6379 after failure
1:S 11 Aug 2022 12:26:26.220 * MASTER <-> REPLICA sync started
1:S 11 Aug 2022 12:26:26.222 * Non blocking connect for SYNC fired the event.
1:S 11 Aug 2022 12:26:26.233 * Master replied to PING, replication can continue...
1:S 11 Aug 2022 12:26:26.235 * Partial resynchronization not possible (no cached master)
1:S 11 Aug 2022 12:26:29.436 . 0 clients connected (0 replicas), 4517136 bytes in use
1:S 11 Aug 2022 12:26:31.153 * Full resync from master: bb2b2418be6fdd382e873470e5e50d2aec8b469e:476
1:S 11 Aug 2022 12:26:31.158 * MASTER <-> REPLICA sync: receiving streamed RDB from master with EOF to disk
1:S 11 Aug 2022 12:26:31.161 * MASTER <-> REPLICA sync: Flushing old data
1:S 11 Aug 2022 12:26:31.163 * MASTER <-> REPLICA sync: Loading DB in memory
1:S 11 Aug 2022 12:26:31.173 # Failed trying to load the MASTER synchronization DB from disk: No such file or directory
1:S 11 Aug 2022 12:26:31.177 * Reconnecting to MASTER redis-master-sentinel:6379 after failure
1:S 11 Aug 2022 12:26:31.180 * MASTER <-> REPLICA sync started
1:S 11 Aug 2022 12:26:31.182 * Non blocking connect for SYNC fired the event.
1:S 11 Aug 2022 12:26:31.189 * Master replied to PING, replication can continue...
1:S 11 Aug 2022 12:26:31.192 * Partial resynchronization not possible (no cached master)
1:S 11 Aug 2022 12:26:34.461 . 0 clients connected (0 replicas), 4517136 bytes in use
1:S 11 Aug 2022 12:26:36.186 * Full resync from master: bb2b2418be6fdd382e873470e5e50d2aec8b469e:476
1:S 11 Aug 2022 12:26:36.214 * MASTER <-> REPLICA sync: receiving streamed RDB from master with EOF to disk
1:S 11 Aug 2022 12:26:36.232 * MASTER <-> REPLICA sync: Flushing old data
1:S 11 Aug 2022 12:26:36.237 * MASTER <-> REPLICA sync: Loading DB in memory
1:S 11 Aug 2022 12:26:36.286 # Failed trying to load the MASTER synchronization DB from disk: No such file or directory
1:S 11 Aug 2022 12:26:36.290 * Reconnecting to MASTER redis-master-sentinel:6379 after failure
1:S 11 Aug 2022 12:26:36.294 * MASTER <-> REPLICA sync started
1:S 11 Aug 2022 12:26:36.297 * Non blocking connect for SYNC fired the event.
1:S 11 Aug 2022 12:26:36.305 * Master replied to PING, replication can continue...
1:S 11 Aug 2022 12:26:36.307 * Partial resynchronization not possible (no cached master)
1:S 11 Aug 2022 12:26:39.510 . 0 clients connected (0 replicas), 4517136 bytes in use
1:S 11 Aug 2022 12:26:41.238 * Full resync from master: bb2b2418be6fdd382e873470e5e50d2aec8b469e:490
1:S 11 Aug 2022 12:26:41.242 * MASTER <-> REPLICA sync: receiving streamed RDB from master with EOF to disk
1:S 11 Aug 2022 12:26:41.244 * MASTER <-> REPLICA sync: Flushing old data
1:S 11 Aug 2022 12:26:41.246 * MASTER <-> REPLICA sync: Loading DB in memory
1:S 11 Aug 2022 12:26:41.290 # Failed trying to load the MASTER synchronization DB from disk: No such file or directory
1:S 11 Aug 2022 12:26:41.294 * Reconnecting to MASTER redis-master-sentinel:6379 after failure
1:S 11 Aug 2022 12:26:41.298 * MASTER <-> REPLICA sync started
1:S 11 Aug 2022 12:26:41.300 * Non blocking connect for SYNC fired the event.
1:S 11 Aug 2022 12:26:41.305 * Master replied to PING, replication can continue...
1:S 11 Aug 2022 12:26:41.307 * Partial resynchronization not possible (no cached master)
1:S 11 Aug 2022 12:26:44.537 . 0 clients connected (0 replicas), 4517136 bytes in use
1:S 11 Aug 2022 12:26:46.284 * Full resync from master: bb2b2418be6fdd382e873470e5e50d2aec8b469e:490
1:S 11 Aug 2022 12:26:46.294 * MASTER <-> REPLICA sync: receiving streamed RDB from master with EOF to disk
1:S 11 Aug 2022 12:26:46.298 * MASTER <-> REPLICA sync: Flushing old data
1:S 11 Aug 2022 12:26:46.300 * MASTER <-> REPLICA sync: Loading DB in memory
1:S 11 Aug 2022 12:26:46.345 # Failed trying to load the MASTER synchronization DB from disk: No such file or directory
1:S 11 Aug 2022 12:26:46.349 * Reconnecting to MASTER redis-master-sentinel:6379 after failure
1:S 11 Aug 2022 12:26:46.351 * MASTER <-> REPLICA sync started
1:S 11 Aug 2022 12:26:46.353 * Non blocking connect for SYNC fired the event.
1:S 11 Aug 2022 12:26:46.358 * Master replied to PING, replication can continue...
1:S 11 Aug 2022 12:26:46.361 * Partial resynchronization not possible (no cached master)
1:S 11 Aug 2022 12:26:49.566 . 0 clients connected (0 replicas), 4517136 bytes in use
1:S 11 Aug 2022 12:26:51.316 * Full resync from master: bb2b2418be6fdd382e873470e5e50d2aec8b469e:504
1:S 11 Aug 2022 12:26:51.321 * MASTER <-> REPLICA sync: receiving streamed RDB from master with EOF to disk
1:S 11 Aug 2022 12:26:51.323 * MASTER <-> REPLICA sync: Flushing old data
1:S 11 Aug 2022 12:26:51.326 * MASTER <-> REPLICA sync: Loading DB in memory
1:S 11 Aug 2022 12:26:51.371 # Failed trying to load the MASTER synchronization DB from disk: No such file or directory
1:S 11 Aug 2022 12:26:51.375 * Reconnecting to MASTER redis-master-sentinel:6379 after failure
1:S 11 Aug 2022 12:26:51.378 * MASTER <-> REPLICA sync started
1:S 11 Aug 2022 12:26:51.381 * Non blocking connect for SYNC fired the event.
1:S 11 Aug 2022 12:26:51.387 * Master replied to PING, replication can continue...
1:S 11 Aug 2022 12:26:51.390 * Partial resynchronization not possible (no cached master)
1:S 11 Aug 2022 12:26:54.591 . 0 clients connected (0 replicas), 4517136 bytes in use
1:S 11 Aug 2022 12:26:56.343 * Full resync from master: bb2b2418be6fdd382e873470e5e50d2aec8b469e:504
1:S 11 Aug 2022 12:26:56.348 * MASTER <-> REPLICA sync: receiving streamed RDB from master with EOF to disk
1:S 11 Aug 2022 12:26:56.352 * MASTER <-> REPLICA sync: Flushing old data
1:S 11 Aug 2022 12:26:56.354 * MASTER <-> REPLICA sync: Loading DB in memory
1:S 11 Aug 2022 12:26:56.401 # Failed trying to load the MASTER synchronization DB from disk: No such file or directory
1:S 11 Aug 2022 12:26:56.404 * Reconnecting to MASTER redis-master-sentinel:6379 after failure
1:S 11 Aug 2022 12:26:56.409 * MASTER <-> REPLICA sync started
1:S 11 Aug 2022 12:26:56.412 * Non blocking connect for SYNC fired the event.
1:S 11 Aug 2022 12:26:56.419 * Master replied to PING, replication can continue...
1:S 11 Aug 2022 12:26:56.421 * Partial resynchronization not possible (no cached master)
1:S 11 Aug 2022 12:26:59.624 . 0 clients connected (0 replicas), 4517136 bytes in use
1:S 11 Aug 2022 12:27:01.373 * Full resync from master: bb2b2418be6fdd382e873470e5e50d2aec8b469e:518
1:S 11 Aug 2022 12:27:01.378 * MASTER <-> REPLICA sync: receiving streamed RDB from master with EOF to disk
1:S 11 Aug 2022 12:27:01.381 * MASTER <-> REPLICA sync: Flushing old data
1:S 11 Aug 2022 12:27:01.383 * MASTER <-> REPLICA sync: Loading DB in memory
1:S 11 Aug 2022 12:27:01.393 # Failed trying to load the MASTER synchronization DB from disk: No such file or directory
1:S 11 Aug 2022 12:27:01.397 * Reconnecting to MASTER redis-master-sentinel:6379 after failure
1:S 11 Aug 2022 12:27:01.400 * MASTER <-> REPLICA sync started
1:S 11 Aug 2022 12:27:01.403 * Non blocking connect for SYNC fired the event.
1:S 11 Aug 2022 12:27:01.408 * Master replied to PING, replication can continue...
1:S 11 Aug 2022 12:27:01.410 * Partial resynchronization not possible (no cached master)
1:S 11 Aug 2022 12:27:04.650 . 0 clients connected (0 replicas), 4517136 bytes in use
1:S 11 Aug 2022 12:27:06.403 * Full resync from master: bb2b2418be6fdd382e873470e5e50d2aec8b469e:518
1:S 11 Aug 2022 12:27:06.407 * MASTER <-> REPLICA sync: receiving streamed RDB from master with EOF to disk
1:S 11 Aug 2022 12:27:06.410 * MASTER <-> REPLICA sync: Flushing old data
1:S 11 Aug 2022 12:27:06.412 * MASTER <-> REPLICA sync: Loading DB in memory
1:S 11 Aug 2022 12:27:06.458 # Failed trying to load the MASTER synchronization DB from disk: No such file or directory
1:S 11 Aug 2022 12:27:06.461 * Reconnecting to MASTER redis-master-sentinel:6379 after failure
1:S 11 Aug 2022 12:27:06.464 * MASTER <-> REPLICA sync started
1:S 11 Aug 2022 12:27:06.467 * Non blocking connect for SYNC fired the event.
1:S 11 Aug 2022 12:27:06.474 * Master replied to PING, replication can continue...
1:S 11 Aug 2022 12:27:06.477 * Partial resynchronization not possible (no cached master)
1:S 11 Aug 2022 12:27:09.681 . 0 clients connected (0 replicas), 4517136 bytes in use
1:S 11 Aug 2022 12:27:11.432 * Full resync from master: bb2b2418be6fdd382e873470e5e50d2aec8b469e:532
1:S 11 Aug 2022 12:27:11.436 * MASTER <-> REPLICA sync: receiving streamed RDB from master with EOF to disk
1:S 11 Aug 2022 12:27:11.439 * MASTER <-> REPLICA sync: Flushing old data
1:S 11 Aug 2022 12:27:11.441 * MASTER <-> REPLICA sync: Loading DB in memory
1:S 11 Aug 2022 12:27:11.488 # Failed trying to load the MASTER synchronization DB from disk: No such file or directory
1:S 11 Aug 2022 12:27:11.491 * Reconnecting to MASTER redis-master-sentinel:6379 after failure
1:S 11 Aug 2022 12:27:11.494 * MASTER <-> REPLICA sync started
1:S 11 Aug 2022 12:27:11.496 * Non blocking connect for SYNC fired the event.
1:S 11 Aug 2022 12:27:11.503 * Master replied to PING, replication can continue...
1:S 11 Aug 2022 12:27:11.506 * Partial resynchronization not possible (no cached master)
1:S 11 Aug 2022 12:27:14.712 . 0 clients connected (0 replicas), 4517136 bytes in use
1:S 11 Aug 2022 12:27:16.471 * Full resync from master: bb2b2418be6fdd382e873470e5e50d2aec8b469e:532
1:S 11 Aug 2022 12:27:16.475 * MASTER <-> REPLICA sync: receiving streamed RDB from master with EOF to disk
1:S 11 Aug 2022 12:27:16.479 * MASTER <-> REPLICA sync: Flushing old data
1:S 11 Aug 2022 12:27:16.481 * MASTER <-> REPLICA sync: Loading DB in memory
1:S 11 Aug 2022 12:27:16.525 # Failed trying to load the MASTER synchronization DB from disk: No such file or directory
1:S 11 Aug 2022 12:27:16.529 * Reconnecting to MASTER redis-master-sentinel:6379 after failure
1:S 11 Aug 2022 12:27:16.532 * MASTER <-> REPLICA sync started
1:S 11 Aug 2022 12:27:16.534 * Non blocking connect for SYNC fired the event.
1:S 11 Aug 2022 12:27:16.540 * Master replied to PING, replication can continue...
1:S 11 Aug 2022 12:27:16.542 * Partial resynchronization not possible (no cached master)
1:S 11 Aug 2022 12:27:19.748 . 0 clients connected (0 replicas), 4517136 bytes in use
1:S 11 Aug 2022 12:27:21.504 * Full resync from master: bb2b2418be6fdd382e873470e5e50d2aec8b469e:546
1:S 11 Aug 2022 12:27:21.508 * MASTER <-> REPLICA sync: receiving streamed RDB from master with EOF to disk
1:S 11 Aug 2022 12:27:21.511 * MASTER <-> REPLICA sync: Flushing old data
1:S 11 Aug 2022 12:27:21.513 * MASTER <-> REPLICA sync: Loading DB in memory
1:S 11 Aug 2022 12:27:21.520 # Failed trying to load the MASTER synchronization DB from disk: No such file or directory
1:S 11 Aug 2022 12:27:21.523 * Reconnecting to MASTER redis-master-sentinel:6379 after failure
1:S 11 Aug 2022 12:27:21.526 * MASTER <-> REPLICA sync started
1:S 11 Aug 2022 12:27:21.528 * Non blocking connect for SYNC fired the event.
1:S 11 Aug 2022 12:27:21.534 * Master replied to PING, replication can continue...
1:S 11 Aug 2022 12:27:21.536 * Partial resynchronization not possible (no cached master)
1:S 11 Aug 2022 12:27:24.774 . 0 clients connected (0 replicas), 4517136 bytes in use
1:S 11 Aug 2022 12:27:26.537 * Full resync from master: bb2b2418be6fdd382e873470e5e50d2aec8b469e:546
1:S 11 Aug 2022 12:27:26.541 * MASTER <-> REPLICA sync: receiving streamed RDB from master with EOF to disk
1:S 11 Aug 2022 12:27:26.544 * MASTER <-> REPLICA sync: Flushing old data
1:S 11 Aug 2022 12:27:26.546 * MASTER <-> REPLICA sync: Loading DB in memory
1:S 11 Aug 2022 12:27:26.555 # Failed trying to load the MASTER synchronization DB from disk: No such file or directory
1:S 11 Aug 2022 12:27:26.559 * Reconnecting to MASTER redis-master-sentinel:6379 after failure
1:S 11 Aug 2022 12:27:26.561 * MASTER <-> REPLICA sync started
1:S 11 Aug 2022 12:27:26.564 * Non blocking connect for SYNC fired the event.
1:S 11 Aug 2022 12:27:26.572 * Master replied to PING, replication can continue...
1:S 11 Aug 2022 12:27:26.575 * Partial resynchronization not possible (no cached master)
1:S 11 Aug 2022 12:27:29.796 . 0 clients connected (0 replicas), 4517136 bytes in use
1:S 11 Aug 2022 12:27:31.575 * Full resync from master: bb2b2418be6fdd382e873470e5e50d2aec8b469e:560
1:S 11 Aug 2022 12:27:31.580 * MASTER <-> REPLICA sync: receiving streamed RDB from master with EOF to disk
1:S 11 Aug 2022 12:27:31.583 * MASTER <-> REPLICA sync: Flushing old data
1:S 11 Aug 2022 12:27:31.585 * MASTER <-> REPLICA sync: Loading DB in memory
1:S 11 Aug 2022 12:27:31.630 # Failed trying to load the MASTER synchronization DB from disk: No such file or directory
1:S 11 Aug 2022 12:27:31.634 * Reconnecting to MASTER redis-master-sentinel:6379 after failure
1:S 11 Aug 2022 12:27:31.637 * MASTER <-> REPLICA sync started
1:S 11 Aug 2022 12:27:31.639 * Non blocking connect for SYNC fired the event.
1:S 11 Aug 2022 12:27:31.647 * Master replied to PING, replication can continue...
1:S 11 Aug 2022 12:27:31.650 * Partial resynchronization not possible (no cached master)
1:S 11 Aug 2022 12:27:34.852 . 0 clients connected (0 replicas), 4517136 bytes in use
1:S 11 Aug 2022 12:27:36.604 * Full resync from master: bb2b2418be6fdd382e873470e5e50d2aec8b469e:560
1:S 11 Aug 2022 12:27:36.608 * MASTER <-> REPLICA sync: receiving streamed RDB from master with EOF to disk
1:S 11 Aug 2022 12:27:36.612 * MASTER <-> REPLICA sync: Flushing old data
1:S 11 Aug 2022 12:27:36.615 * MASTER <-> REPLICA sync: Loading DB in memory
1:S 11 Aug 2022 12:27:36.624 # Failed trying to load the MASTER synchronization DB from disk: No such file or directory
1:S 11 Aug 2022 12:27:36.628 * Reconnecting to MASTER redis-master-sentinel:6379 after failure
1:S 11 Aug 2022 12:27:36.630 * MASTER <-> REPLICA sync started
1:S 11 Aug 2022 12:27:36.632 * Non blocking connect for SYNC fired the event.
1:S 11 Aug 2022 12:27:36.640 * Master replied to PING, replication can continue...
1:S 11 Aug 2022 12:27:36.643 * Partial resynchronization not possible (no cached master)
1:S 11 Aug 2022 12:27:39.872 . 0 clients connected (0 replicas), 4517136 bytes in use
1:S 11 Aug 2022 12:27:41.634 * Full resync from master: bb2b2418be6fdd382e873470e5e50d2aec8b469e:574
1:S 11 Aug 2022 12:27:41.639 * MASTER <-> REPLICA sync: receiving streamed RDB from master with EOF to disk
1:S 11 Aug 2022 12:27:41.642 * MASTER <-> REPLICA sync: Flushing old data
1:S 11 Aug 2022 12:27:41.644 * MASTER <-> REPLICA sync: Loading DB in memory
1:S 11 Aug 2022 12:27:41.689 # Failed trying to load the MASTER synchronization DB from disk: No such file or directory
1:S 11 Aug 2022 12:27:41.692 * Reconnecting to MASTER redis-master-sentinel:6379 after failure
1:S 11 Aug 2022 12:27:41.695 * MASTER <-> REPLICA sync started
1:S 11 Aug 2022 12:27:41.698 * Non blocking connect for SYNC fired the event.
1:S 11 Aug 2022 12:27:41.709 * Master replied to PING, replication can continue...
1:S 11 Aug 2022 12:27:41.711 * Partial resynchronization not possible (no cached master)
1:S 11 Aug 2022 12:27:44.911 . 0 clients connected (0 replicas), 4517136 bytes in use
1:S 11 Aug 2022 12:27:46.669 * Full resync from master: bb2b2418be6fdd382e873470e5e50d2aec8b469e:574
1:S 11 Aug 2022 12:27:46.673 * MASTER <-> REPLICA sync: receiving streamed RDB from master with EOF to disk
1:S 11 Aug 2022 12:27:46.676 * MASTER <-> REPLICA sync: Flushing old data
1:S 11 Aug 2022 12:27:46.677 * MASTER <-> REPLICA sync: Loading DB in memory
1:S 11 Aug 2022 12:27:46.722 # Failed trying to load the MASTER synchronization DB from disk: No such file or directory
1:S 11 Aug 2022 12:27:46.726 * Reconnecting to MASTER redis-master-sentinel:6379 after failure
1:S 11 Aug 2022 12:27:46.729 * MASTER <-> REPLICA sync started
1:S 11 Aug 2022 12:27:46.731 * Non blocking connect for SYNC fired the event.
1:S 11 Aug 2022 12:27:46.736 * Master replied to PING, replication can continue...
1:S 11 Aug 2022 12:27:46.738 * Partial resynchronization not possible (no cached master)
1:S 11 Aug 2022 12:27:49.945 . 0 clients connected (0 replicas), 4517136 bytes in use
1:S 11 Aug 2022 12:27:51.698 * Full resync from master: bb2b2418be6fdd382e873470e5e50d2aec8b469e:588
1:S 11 Aug 2022 12:27:51.702 * MASTER <-> REPLICA sync: receiving streamed RDB from master with EOF to disk
1:S 11 Aug 2022 12:27:51.705 * MASTER <-> REPLICA sync: Flushing old data
1:S 11 Aug 2022 12:27:51.707 * MASTER <-> REPLICA sync: Loading DB in memory
1:S 11 Aug 2022 12:27:51.715 # Failed trying to load the MASTER synchronization DB from disk: No such file or directory
1:S 11 Aug 2022 12:27:51.718 * Reconnecting to MASTER redis-master-sentinel:6379 after failure
1:S 11 Aug 2022 12:27:51.721 * MASTER <-> REPLICA sync started
1:S 11 Aug 2022 12:27:51.724 * Non blocking connect for SYNC fired the event.
1:S 11 Aug 2022 12:27:51.731 * Master replied to PING, replication can continue...
1:S 11 Aug 2022 12:27:51.733 * Partial resynchronization not possible (no cached master)
